Arkane execution initiated at Mon Jul 24 10:06:06 2023

################################################################
#                                                              #
# Automated Reaction Kinetics and Network Exploration (Arkane) #
#                                                              #
#   Version: 3.1.0                                             #
#   Authors: RMG Developers (rmg_dev@mit.edu)                  #
#   P.I.s:   William H. Green (whgreen@mit.edu)                #
#            Richard H. West (r.west@neu.edu)                  #
#   Website: http://reactionmechanismgenerator.github.io/      #
#                                                              #
################################################################

The current git HEAD for RMG-Py is:
	c2e795b70e5323fc03eecfe4e49ae27f190efaca
	Mon Jul 24 10:01:00 2023 -0400

The current git HEAD for RMG-database is:
	113cb53eadea0c17ed6f76eaee3ad952774b8728
	Tue Jun 27 09:11:34 2023 -0400

Databases not found. Making databases
Loading frequencies library from halogens_G4.py in /home/jackson/rmg/RMG-database/input/statmech/libraries...
Loading frequencies group database from /home/jackson/rmg/RMG-database/input/statmech/groups...
Loading transport library from OneDMinN2.py in /home/jackson/rmg/RMG-database/input/transport/libraries...
Loading transport library from PrimaryTransportLibrary.py in /home/jackson/rmg/RMG-database/input/transport/libraries...
Loading transport library from NIST_Fluorine.py in /home/jackson/rmg/RMG-database/input/transport/libraries...
Loading transport library from GRI-Mech.py in /home/jackson/rmg/RMG-database/input/transport/libraries...
Loading transport library from NOx2018.py in /home/jackson/rmg/RMG-database/input/transport/libraries...
Loading transport group database from /home/jackson/rmg/RMG-database/input/transport/groups...
Loading species C7H7...
Assigned a frequency scale factor of 1.00386 for LevelOfTheory(method='cbsqb3')


Loading statistical mechanics parameters for C7H7...
Determined a symmetry number of 2 for rotor of species C7H7 between pivots [12, 4] based on the number of peaks and valleys, all within the determined resolution criteria.
Symmetry input file written to /home/jackson/rmg/RMG-Py/scratch/0.symm
Point group: C2v
Saving statistical mechanics parameters for C7H7...
Saving thermo for C7H7...

Arkane execution terminated at Mon Jul 24 10:06:08 2023
running C2H4
