Arkane execution initiated at Mon Jul 24 10:06:11 2023

################################################################
#                                                              #
# Automated Reaction Kinetics and Network Exploration (Arkane) #
#                                                              #
#   Version: 3.1.0                                             #
#   Authors: RMG Developers (rmg_dev@mit.edu)                  #
#   P.I.s:   William H. Green (whgreen@mit.edu)                #
#            Richard H. West (r.west@neu.edu)                  #
#   Website: http://reactionmechanismgenerator.github.io/      #
#                                                              #
################################################################

The current git HEAD for RMG-Py is:
	c2e795b70e5323fc03eecfe4e49ae27f190efaca
	Mon Jul 24 10:01:00 2023 -0400

The current git HEAD for RMG-database is:
	113cb53eadea0c17ed6f76eaee3ad952774b8728
	Tue Jun 27 09:11:34 2023 -0400

Loading species N4H6...
Assigned a frequency scale factor of 0.967 for CompositeLevelOfTheory(freq=LevelOfTheory(method='b3lyp',basis='6311+g(3df,2p)'),energy=LevelOfTheory(method='ccsd(t)f12',basis='ccpvtzf12'))


Loading statistical mechanics parameters for N4H6...
Warning: No exact BAC match found for CompositeLevelOfTheory(freq=LevelOfTheory(method='b3lyp',basis='6311+g(3df,2p)',software='gaussian'),energy=LevelOfTheory(method='ccsd(t)f12',basis='ccpvtzf12',software='molpro')). Using LevelOfTheory(method='ccsd(t)f12',basis='ccpvtzf12',software='molpro') instead.
Symmetry input file written to /home/jackson/rmg/RMG-Py/scratch/0.symm
Point group: C2
Saving statistical mechanics parameters for N4H6...
Saving thermo for N4H6...

Arkane execution terminated at Mon Jul 24 10:06:11 2023
running Pentyl_isodesmic
