CanTherm execution initiated at Thu Sep 25 10:27:54 2014

###############################################################
#                                                             #
#                          CanTherm                           #
#                                                             #
#   Version: 0.1.0 (14 May 2009)                              #
#   Authors: RMG Developers (rmg_dev@mit.edu)                 #
#   P.I.:    William H. Green (whgreen@mit.edu)               #
#   Website: http://rmg.sourceforge.net/                      #
#                                                             #
###############################################################

Loading transition state TS3...
Loading transition state TS2...
Loading transition state TS1...
Loading species methoxy...
Loading species CH2O...
Loading species H...
Loading species CH2Ob...
Loading species Hb...
Loading species CH2OH...
Loading species He...
Loading reaction CH2O+H=Methoxy...
Loading reaction CH2OH = CH2Ob+Hb...
Loading reaction CH2OH = Methoxy...
Loading network methoxy...


Generating Arrhenius kinetics model for Arrhenius...
Saving kinetics for CH2O + H <=> methoxy...
Generating Arrhenius kinetics model for Arrhenius...
Saving kinetics for CH2OH <=> methoxy...
Generating Arrhenius kinetics model for Arrhenius...
Saving kinetics for CH2OH <=> Hb + CH2Ob...
========================================================================
methoxy network information
---------------------------
Isomers:
    methoxy                                                39.497 kJ/mol
    CH2OH                                                       0 kJ/mol
Reactant channels:
    CH2O + H                                              120.039 kJ/mol
Product channels:
    Hb + CH2Ob                                            120.039 kJ/mol
Path reactions:
    CH2O + H <=> methoxy                                  142.674 kJ/mol
    CH2OH <=> Hb + CH2Ob                                  167.151 kJ/mol
    CH2OH <=> methoxy                                     162.758 kJ/mol
========================================================================

Calculating densities of states for <rmgpy.pdep.network.Network instance at 0x3b16c68>...
Using 631 grains from 0.00 to 399.98 kJ/mol in steps of 0.63 kJ/mol to compute densities of states
Calculating phenomenological rate coefficients for <rmgpy.pdep.network.Network instance at 0x3b16c68>...
Using 500 grains from 0.00 to 316.81 kJ/mol in steps of 0.63 kJ/mol to compute the k(T,P) values at 450 K
Using 500 grains from 0.00 to 333.44 kJ/mol in steps of 0.67 kJ/mol to compute the k(T,P) values at 500 K
Using 500 grains from 0.00 to 392.64 kJ/mol in steps of 0.79 kJ/mol to compute the k(T,P) values at 678 K
Using 500 grains from 0.00 to 399.96 kJ/mol in steps of 0.80 kJ/mol to compute the k(T,P) values at 700 K
Saving pressure dependence results for <rmgpy.pdep.network.Network instance at 0x3b16c68>...

CanTherm execution terminated at Thu Sep 25 10:28:08 2014
Memory used: 65.66 MB
