Arkane execution initiated at Mon Jul 24 10:06:24 2023

################################################################
#                                                              #
# Automated Reaction Kinetics and Network Exploration (Arkane) #
#                                                              #
#   Version: 3.1.0                                             #
#   Authors: RMG Developers (rmg_dev@mit.edu)                  #
#   P.I.s:   William H. Green (whgreen@mit.edu)                #
#            Richard H. West (r.west@neu.edu)                  #
#   Website: http://reactionmechanismgenerator.github.io/      #
#                                                              #
################################################################

The current git HEAD for RMG-Py is:
	c2e795b70e5323fc03eecfe4e49ae27f190efaca
	Mon Jul 24 10:01:00 2023 -0400

The current git HEAD for RMG-database is:
	113cb53eadea0c17ed6f76eaee3ad952774b8728
	Tue Jun 27 09:11:34 2023 -0400

Loading species Toluene...
Assigned a frequency scale factor of 1.00386 for LevelOfTheory(method='cbsqb3')


Loading statistical mechanics parameters for Toluene...
Symmetry input file written to /home/jackson/rmg/RMG-Py/scratch/0.symm
Point group: Cs
Saving statistical mechanics parameters for Toluene...
Saving thermo for Toluene...

Arkane execution terminated at Mon Jul 24 10:06:25 2023
running thermo_demo
Arkane execution initiated at Mon Jul 24 11:00:09 2023

################################################################
#                                                              #
# Automated Reaction Kinetics and Network Exploration (Arkane) #
#                                                              #
#   Version: 3.1.0                                             #
#   Authors: RMG Developers (rmg_dev@mit.edu)                  #
#   P.I.s:   William H. Green (whgreen@mit.edu)                #
#            Richard H. West (r.west@neu.edu)                  #
#   Website: http://reactionmechanismgenerator.github.io/      #
#                                                              #
################################################################

The current git HEAD for RMG-Py is:
	77e18403144dc6661e82dcad564720557e640268
	Mon Jul 24 10:51:28 2023 -0400

The current git HEAD for RMG-database is:
	113cb53eadea0c17ed6f76eaee3ad952774b8728
	Tue Jun 27 09:11:34 2023 -0400

Loading species Toluene...
Assigned a frequency scale factor of 1.00386 for LevelOfTheory(method='cbsqb3')


Loading statistical mechanics parameters for Toluene...
Symmetry input file written to /home/jackson/rmg/RMG-Py/scratch/0.symm
Point group: Cs
Saving statistical mechanics parameters for Toluene...
Saving thermo for Toluene...

Arkane execution terminated at Mon Jul 24 11:00:09 2023
running /home/jackson/rmg/RMG-Py/test/../examples/arkane/species/thermo_demo
Arkane execution initiated at Mon Jul 24 11:22:21 2023

################################################################
#                                                              #
# Automated Reaction Kinetics and Network Exploration (Arkane) #
#                                                              #
#   Version: 3.1.0                                             #
#   Authors: RMG Developers (rmg_dev@mit.edu)                  #
#   P.I.s:   William H. Green (whgreen@mit.edu)                #
#            Richard H. West (r.west@neu.edu)                  #
#   Website: http://reactionmechanismgenerator.github.io/      #
#                                                              #
################################################################

The current git HEAD for RMG-Py is:
	77e18403144dc6661e82dcad564720557e640268
	Mon Jul 24 10:51:28 2023 -0400

The current git HEAD for RMG-database is:
	113cb53eadea0c17ed6f76eaee3ad952774b8728
	Tue Jun 27 09:11:34 2023 -0400

Loading species Toluene...
Assigned a frequency scale factor of 1.00386 for LevelOfTheory(method='cbsqb3')


Loading statistical mechanics parameters for Toluene...
Symmetry input file written to /home/jackson/rmg/RMG-Py/scratch/0.symm
Point group: Cs
Saving statistical mechanics parameters for Toluene...
Saving thermo for Toluene...

Arkane execution terminated at Mon Jul 24 11:22:22 2023
running /home/jackson/rmg/RMG-Py/test/../examples/arkane/species/thermo_demo
Arkane execution initiated at Mon Jul 24 11:31:03 2023

################################################################
#                                                              #
# Automated Reaction Kinetics and Network Exploration (Arkane) #
#                                                              #
#   Version: 3.1.0                                             #
#   Authors: RMG Developers (rmg_dev@mit.edu)                  #
#   P.I.s:   William H. Green (whgreen@mit.edu)                #
#            Richard H. West (r.west@neu.edu)                  #
#   Website: http://reactionmechanismgenerator.github.io/      #
#                                                              #
################################################################

The current git HEAD for RMG-Py is:
	77e18403144dc6661e82dcad564720557e640268
	Mon Jul 24 10:51:28 2023 -0400

The current git HEAD for RMG-database is:
	113cb53eadea0c17ed6f76eaee3ad952774b8728
	Tue Jun 27 09:11:34 2023 -0400

Loading species Toluene...
Assigned a frequency scale factor of 1.00386 for LevelOfTheory(method='cbsqb3')


Loading statistical mechanics parameters for Toluene...
Symmetry input file written to /home/jackson/rmg/RMG-Py/scratch/0.symm
Point group: Cs
Saving statistical mechanics parameters for Toluene...
Saving thermo for Toluene...

Arkane execution terminated at Mon Jul 24 11:31:04 2023
running /home/jackson/rmg/RMG-Py/test/../examples/arkane/species/thermo_demo
Arkane execution initiated at Mon Jul 24 11:40:21 2023

################################################################
#                                                              #
# Automated Reaction Kinetics and Network Exploration (Arkane) #
#                                                              #
#   Version: 3.1.0                                             #
#   Authors: RMG Developers (rmg_dev@mit.edu)                  #
#   P.I.s:   William H. Green (whgreen@mit.edu)                #
#            Richard H. West (r.west@neu.edu)                  #
#   Website: http://reactionmechanismgenerator.github.io/      #
#                                                              #
################################################################

The current git HEAD for RMG-Py is:
	77e18403144dc6661e82dcad564720557e640268
	Mon Jul 24 10:51:28 2023 -0400

The current git HEAD for RMG-database is:
	113cb53eadea0c17ed6f76eaee3ad952774b8728
	Tue Jun 27 09:11:34 2023 -0400

Loading species Toluene...
Assigned a frequency scale factor of 1.00386 for LevelOfTheory(method='cbsqb3')


Loading statistical mechanics parameters for Toluene...
Symmetry input file written to /home/jackson/rmg/RMG-Py/scratch/0.symm
Point group: Cs
Saving statistical mechanics parameters for Toluene...
Saving thermo for Toluene...

Arkane execution terminated at Mon Jul 24 11:40:22 2023
executed /home/jackson/rmg/RMG-Py/test/../examples/arkane/species/Toulene_Hindered_Rotor
running /home/jackson/rmg/RMG-Py/test/../examples/arkane/species/thermo_demo
Arkane execution initiated at Mon Jul 24 12:29:50 2023

################################################################
#                                                              #
# Automated Reaction Kinetics and Network Exploration (Arkane) #
#                                                              #
#   Version: 3.1.0                                             #
#   Authors: RMG Developers (rmg_dev@mit.edu)                  #
#   P.I.s:   William H. Green (whgreen@mit.edu)                #
#            Richard H. West (r.west@neu.edu)                  #
#   Website: http://reactionmechanismgenerator.github.io/      #
#                                                              #
################################################################

The current git HEAD for RMG-Py is:
	e181335685f2182ecba117e1141835623f023633
	Mon Jul 24 11:52:36 2023 -0400

The current git HEAD for RMG-database is:
	113cb53eadea0c17ed6f76eaee3ad952774b8728
	Tue Jun 27 09:11:34 2023 -0400

Loading species Toluene...
Assigned a frequency scale factor of 1.00386 for LevelOfTheory(method='cbsqb3')


Loading statistical mechanics parameters for Toluene...
Symmetry input file written to /home/jackson/rmg/RMG-Py/scratch/0.symm
Point group: Cs
Saving statistical mechanics parameters for Toluene...
Saving thermo for Toluene...

Arkane execution terminated at Mon Jul 24 12:29:50 2023
executed /home/jackson/rmg/RMG-Py/test/../examples/arkane/species/Toulene_Hindered_Rotor
running /home/jackson/rmg/RMG-Py/test/../examples/arkane/species/thermo_demo
Arkane execution initiated at Mon Jul 24 16:22:43 2023

################################################################
#                                                              #
# Automated Reaction Kinetics and Network Exploration (Arkane) #
#                                                              #
#   Version: 3.1.0                                             #
#   Authors: RMG Developers (rmg_dev@mit.edu)                  #
#   P.I.s:   William H. Green (whgreen@mit.edu)                #
#            Richard H. West (r.west@neu.edu)                  #
#   Website: http://reactionmechanismgenerator.github.io/      #
#                                                              #
################################################################

The current git HEAD for RMG-Py is:
	282a6ec04c54c4d861b780eae6708821d04389e5
	Mon Jul 24 14:14:18 2023 -0400

The current git HEAD for RMG-database is:
	113cb53eadea0c17ed6f76eaee3ad952774b8728
	Tue Jun 27 09:11:34 2023 -0400

Loading species Toluene...
Assigned a frequency scale factor of 1.00386 for LevelOfTheory(method='cbsqb3')


Loading statistical mechanics parameters for Toluene...
Symmetry input file written to /home/jackson/rmg/RMG-Py/scratch/0.symm
Point group: Cs
Saving statistical mechanics parameters for Toluene...
Saving thermo for Toluene...

Arkane execution terminated at Mon Jul 24 16:22:44 2023
executed /home/jackson/rmg/RMG-Py/test/../examples/arkane/species/Toulene_Hindered_Rotor
running /home/jackson/rmg/RMG-Py/test/../examples/arkane/species/thermo_demo
