Reading input file "/Users/agnes/PycharmProjects/RMG-Py/rmgpy/tools/data/sim/simple/input.py"...
# Data sources
database(
    thermoLibraries = ['primaryThermoLibrary'],
    reactionLibraries = [],
    seedMechanisms = [],
    kineticsDepositories = ['training'],
    kineticsFamilies = ['!Intra_Disproportionation','!Substitution_O'],
    kineticsEstimator = 'rate rules',
)

# List of species
species(
    label='ethane',
    reactive=True,
    structure=SMILES("CC"),
)

# Reaction systems
simpleReactor(
    temperature=(1350,'K'),
    pressure=(1.0,'bar'),
    initialMoleFractions={
        "ethane": 1.0,
    },
    terminationConversion={
        'ethane': 0.9,
    },
    terminationTime=(1e6,'s'),
    sensitivity=['ethane'],
    sensitivityThreshold=0.01,
)

simulator(
    atol=1e-16,
    rtol=1e-8,
    sens_atol=1e-6,
    sens_rtol=1e-4,
)

model(
    toleranceKeepInEdge=0.0,
    toleranceMoveToCore=0.1,
    toleranceInterruptSimulation=0.1,
    maximumEdgeSpecies=100000
)

options(
    units='si',
    saveRestartPeriod=None,
    saveSimulationProfiles=True,
    generateOutputHTML=False,
    generatePlots=False,
)


Thermo file has no default temperature ranges
(The line it would be on is '    300.000  1000.000  5000.000\n' but that is not formatted as such)
(It should have Tmin in columns 1-10, Tmid in columns 11-20, and Tmax in columns 21-30)
Ignoring short but non-empty line: '    300.000  1000.000  5000.000\n'
Conducting simulation and sensitivity analysis of reaction system 1...
At time 6.3938e-04 s, reached target termination conversion: 0.900000 of ethane(1)
    ethane(1) conversion: 0.9006    
Simulation took 1.08571791649 seconds
Thermo file has no default temperature ranges
(The line it would be on is '    300.000  1000.000  5000.000\n' but that is not formatted as such)
(It should have Tmin in columns 1-10, Tmid in columns 11-20, and Tmax in columns 21-30)
Ignoring short but non-empty line: '    300.000  1000.000  5000.000\n'
Loading thermodynamics library from primaryThermoLibrary.py in /Users/agnes/PycharmProjects/RMG-Py/rmgpy/test_data/testing_database/thermo/libraries...
Loading thermodynamics group database from /Users/agnes/PycharmProjects/RMG-Py/rmgpy/test_data/testing_database/thermo/groups...
Loading transport group database from /Users/agnes/PycharmProjects/RMG-Py/rmgpy/test_data/testing_database/transport/groups...
Loading kinetics library GRI-Mech3.0 from /Users/agnes/PycharmProjects/RMG-Py/rmgpy/test_data/testing_database/kinetics/libraries/GRI-Mech3.0/reactions.py...
Loading frequencies group database from /Users/agnes/PycharmProjects/RMG-Py/rmgpy/test_data/testing_database/statmech/groups...
Loading Platts additivity group database from /Users/agnes/PycharmProjects/RMG-Py/rmgpy/test_data/testing_database/solvation/groups...
Loading species C2H4...
Loading statistical mechanics parameters for C2H4...
Saving thermo for C2H4...
Loading transition state TS...
Loading statistical mechanics parameters for TS...
Databases not found. Making databases
Loading frequencies group database from /Users/agnes/PycharmProjects/RMG-database/input/statmech/groups...
Loading transport library from GRI-Mech.py in /Users/agnes/PycharmProjects/RMG-database/input/transport/libraries...
Loading transport library from OneDMinN2.py in /Users/agnes/PycharmProjects/RMG-database/input/transport/libraries...
Loading transport library from NOx2018.py in /Users/agnes/PycharmProjects/RMG-database/input/transport/libraries...
Loading transport library from PrimaryTransportLibrary.py in /Users/agnes/PycharmProjects/RMG-database/input/transport/libraries...
Loading transport group database from /Users/agnes/PycharmProjects/RMG-database/input/transport/groups...
Loading transition state TS3...
Loading transition state TS2...
Loading transition state TS1...
Loading species methoxy...
Loading species CH2O...
Loading species H...
Loading species CH2Ob...
Loading species Hb...
Loading species CH2OH...
Loading species He...
Loading reaction CH2O+H=Methoxy...
Loading reaction CH2OH = CH2Ob+Hb...
Loading reaction CH2OH = Methoxy...
Loading network methoxy...

Loading transition state TS3...
Loading transition state TS2...
Loading transition state TS1...
Loading species methoxy...
Loading species CH2O...
Loading species H...
Loading species CH2Ob...
Loading species Hb...
Loading species CH2OH...
Loading species He...
Loading reaction CH2O+H=Methoxy...
Loading reaction CH2OH = CH2Ob+Hb...
Loading reaction CH2OH = Methoxy...
Loading network methoxy...

Loading transition state TS3...
Loading transition state TS2...
Loading transition state TS1...
Loading species methoxy...
Loading species CH2O...
Loading species H...
Loading species CH2Ob...
Loading species Hb...
Loading species CH2OH...
Loading species He...
Loading reaction CH2O+H=Methoxy...
Loading reaction CH2OH = CH2Ob+Hb...
Loading reaction CH2OH = Methoxy...
Loading network methoxy...

Loading transition state TS3...
Loading transition state TS2...
Loading transition state TS1...
Loading species methoxy...
Loading species CH2O...
Loading species H...
Loading species CH2Ob...
Loading species Hb...
Loading species CH2OH...
Loading species He...
Loading reaction CH2O+H=Methoxy...
Loading reaction CH2OH = CH2Ob+Hb...
Loading reaction CH2OH = Methoxy...
Loading network methoxy...

Loading transition state TS3...
Loading transition state TS2...
Loading transition state TS1...
Loading species methoxy...
Loading species CH2O...
Loading species H...
Loading species CH2Ob...
Loading species Hb...
Loading species CH2OH...
Loading species He...
Loading reaction CH2O+H=Methoxy...
Loading reaction CH2OH = CH2Ob+Hb...
Loading reaction CH2OH = Methoxy...
Loading network methoxy...

Loading transition state TS3...
Loading transition state TS2...
Loading transition state TS1...
Loading species methoxy...
Loading species CH2O...
Loading species H...
Loading species CH2Ob...
Loading species Hb...
Loading species CH2OH...
Loading species He...
Loading reaction CH2O+H=Methoxy...
Loading reaction CH2OH = CH2Ob+Hb...
Loading reaction CH2OH = Methoxy...
Loading network methoxy...

Loading transition state TS3...
Loading transition state TS2...
Loading transition state TS1...
Loading species methoxy...
Loading species CH2O...
Loading species H...
Loading species CH2Ob...
Loading species Hb...
Loading species CH2OH...
Loading species He...
Loading reaction CH2O+H=Methoxy...
Loading reaction CH2OH = CH2Ob+Hb...
Loading reaction CH2OH = Methoxy...
Loading network methoxy...

Loading transition state TS3...
Loading transition state TS2...
Loading transition state TS1...
Loading species methoxy...
Loading species CH2O...
Loading species H...
Loading species CH2Ob...
Loading species Hb...
Loading species CH2OH...
Loading species He...
Loading reaction CH2O+H=Methoxy...
Loading reaction CH2OH = CH2Ob+Hb...
Loading reaction CH2OH = Methoxy...
Loading network methoxy...

Loading transition state TS3...
Loading transition state TS2...
Loading transition state TS1...
Loading species methoxy...
Loading species CH2O...
Loading species H...
Loading species CH2Ob...
Loading species Hb...
Loading species CH2OH...
Loading species He...
Loading reaction CH2O+H=Methoxy...
Loading reaction CH2OH = CH2Ob+Hb...
Loading reaction CH2OH = Methoxy...
Loading network methoxy...

Loading transition state TS3...
Loading transition state TS2...
Loading transition state TS1...
Loading species methoxy...
Loading species CH2O...
Loading species H...
Loading species CH2Ob...
Loading species Hb...
Loading species CH2OH...
Loading species He...
Loading reaction CH2O+H=Methoxy...
Loading reaction CH2OH = CH2Ob+Hb...
Loading reaction CH2OH = Methoxy...
Loading network methoxy...

Loading transition state TS3...
Loading transition state TS2...
Loading transition state TS1...
Loading species methoxy...
Loading species CH2O...
Loading species H...
Loading species CH2Ob...
Loading species Hb...
Loading species CH2OH...
Loading species He...
Loading reaction CH2O+H=Methoxy...
Loading reaction CH2OH = CH2Ob+Hb...
Loading reaction CH2OH = Methoxy...
Loading network methoxy...

Loading transition state TS3...
Loading transition state TS2...
Loading transition state TS1...
Loading species methoxy...
Loading species CH2O...
Loading species H...
Loading species CH2Ob...
Loading species Hb...
Loading species CH2OH...
Loading species He...
Loading reaction CH2O+H=Methoxy...
Loading reaction CH2OH = CH2Ob+Hb...
Loading reaction CH2OH = Methoxy...
Loading network methoxy...

Loading transition state TS3...
Loading transition state TS2...
Loading transition state TS1...
Loading species methoxy...
Loading species CH2O...
Loading species H...
Loading species CH2Ob...
Loading species Hb...
Loading species CH2OH...
Loading species He...
Loading reaction CH2O+H=Methoxy...
Loading reaction CH2OH = CH2Ob+Hb...
Loading reaction CH2OH = Methoxy...
Loading network methoxy...

Loading transition state TS3...
Loading transition state TS2...
Loading transition state TS1...
Loading species methoxy...
Loading species CH2O...
Loading species H...
Loading species CH2Ob...
Loading species Hb...
Loading species CH2OH...
Loading species He...
Loading reaction CH2O+H=Methoxy...
Loading reaction CH2OH = CH2Ob+Hb...
Loading reaction CH2OH = Methoxy...
Loading network methoxy...

Loading transition state TS3...
Loading transition state TS2...
Loading transition state TS1...
Loading species methoxy...
Loading species CH2O...
Loading species H...
Loading species CH2Ob...
Loading species Hb...
Loading species CH2OH...
Loading species He...
Loading reaction CH2O+H=Methoxy...
Loading reaction CH2OH = CH2Ob+Hb...
Loading reaction CH2OH = Methoxy...
Loading network methoxy...

Loading transition state TS3...
Loading transition state TS2...
Loading transition state TS1...
Loading species methoxy...
Loading species CH2O...
Loading species H...
Loading species CH2Ob...
Loading species Hb...
Loading species CH2OH...
Loading species He...
Loading reaction CH2O+H=Methoxy...
Loading reaction CH2OH = CH2Ob+Hb...
Loading reaction CH2OH = Methoxy...
Loading network methoxy...

Loading transition state TS3...
Loading transition state TS2...
Loading transition state TS1...
Loading species methoxy...
Loading species CH2O...
Loading species H...
Loading species CH2Ob...
Loading species Hb...
Loading species CH2OH...
Loading species He...
Loading reaction CH2O+H=Methoxy...
Loading reaction CH2OH = CH2Ob+Hb...
Loading reaction CH2OH = Methoxy...
Loading network methoxy...

Loading transition state TS3...
Loading transition state TS2...
Loading transition state TS1...
Loading species methoxy...
Loading species CH2O...
Loading species H...
Loading species CH2Ob...
Loading species Hb...
Loading species CH2OH...
Loading species He...
Loading reaction CH2O+H=Methoxy...
Loading reaction CH2OH = CH2Ob+Hb...
Loading reaction CH2OH = Methoxy...
Loading network methoxy...

Loading species C2H6...
Assigned a frequency scale factor of 1.00386 for the frequency level of theory cbs-qb3

Loading statistical mechanics parameters for C2H6...
Warning: Ignoring frequency scale factor in species file '/Users/agnes/PycharmProjects/RMG-Py/examples/arkane/species/C2H6/C2H6.py'.
Determined a symmetry number of 3 for rotor of species C2H6 between pivots [1, 5] based on the number of peaks and valleys, all within the determined resolution criteria.
Saving statistical mechanics parameters for C2H6...
Saving thermo for C2H6...
Loading species C2H6...
Assigned a frequency scale factor of 1.00386 for the frequency level of theory cbs-qb3

Loading statistical mechanics parameters for C2H6 from .yml file...
Saving statistical mechanics parameters for C2H6...
Saving thermo for C2H6...
Warning: Assuming isotop 247 is representative of element Bk
Loading species C7H7...

Loading statistical mechanics parameters for C7H7...
Symmetry input file written to /Users/agnes/PycharmProjects/RMG-Py/scratch/0.symm
Point group: D2h
Symmetry input file written to /Users/agnes/PycharmProjects/RMG-Py/scratch/0.symm
Point group: D2h
Symmetry input file written to /Users/agnes/PycharmProjects/RMG-Py/scratch/0.symm
Point group: Dinfh
Symmetry input file written to /Users/agnes/PycharmProjects/RMG-Py/scratch/0.symm
Point group: Dinfh
Symmetry input file written to /Users/agnes/PycharmProjects/RMG-Py/scratch/0.symm
Point group: Dinfh
Loading species acetylperoxy...
Loading species hydroperoxylvinoxy...
Loading species acetyl...
Loading species oxygen...
Loading species ketene...
Loading species lactone...
Loading species hydroxyl...
Loading species hydroperoxyl...
Loading species nitrogen...
Loading transition state entrance1...
Loading transition state isom1...
Loading transition state exit1...
Loading transition state exit2...
Loading transition state exit3...
Loading reaction entrance1...
Loading reaction isom1...
Loading reaction exit1...
Loading reaction exit2...
Loading reaction exit3...
Loading network acetyl + O2...
Warning: No frequency scaling factor found for model chemistry . Assuming a value of unity. This will affect the partition function and all quantities derived from it (thermo quantities and rate coefficients).
Loading species methoxy...
Loading species formaldehyde...
Loading species H...
Loading transition state TS3...
Loading reaction CH2O+H=Methoxy...
Loading species CH2O...
Loading transition state TS1...
Symmetry input file written to /Users/agnes/PycharmProjects/RMG-Py/scratch/0.symm
Point group: Cs
Symmetry input file written to /Users/agnes/PycharmProjects/RMG-Py/scratch/0.symm
Point group: Cinfv
Symmetry input file written to /Users/agnes/PycharmProjects/RMG-Py/scratch/0.symm
Point group: C1
Symmetry input file written to /Users/agnes/PycharmProjects/RMG-Py/scratch/0.symm
Point group: C1
Symmetry input file written to /Users/agnes/PycharmProjects/RMG-Py/scratch/0.symm
Point group: Cinfv
Symmetry input file written to /Users/agnes/PycharmProjects/RMG-Py/scratch/0.symm
Point group: C1
Symmetry input file written to /Users/agnes/PycharmProjects/RMG-Py/scratch/0.symm
Point group: Cinfv
Loading species C7H7...

Loading statistical mechanics parameters for C7H7...
Loading species C7H7...

Loading species C7H7...

found a sucessfully completed QChem Job
   Assuming NCC_NRotor.out is the output from a QChem PES scan...
found a sucessfully completed QChem Job
   Assuming NCC_CRotor.out is the output from a QChem PES scan...
Determined a symmetry number of 1 for rotor of species NCC between pivots [] based on the worst valley resolution criterion.
Determined a symmetry number of 3 for rotor of species NCC between pivots [] based on the number of peaks and valleys, all within the determined resolution criteria.
