Arkane execution initiated at Mon Jul 24 12:30:00 2023

################################################################
#                                                              #
# Automated Reaction Kinetics and Network Exploration (Arkane) #
#                                                              #
#   Version: 3.1.0                                             #
#   Authors: RMG Developers (rmg_dev@mit.edu)                  #
#   P.I.s:   William H. Green (whgreen@mit.edu)                #
#            Richard H. West (r.west@neu.edu)                  #
#   Website: http://reactionmechanismgenerator.github.io/      #
#                                                              #
################################################################

The current git HEAD for RMG-Py is:
	e181335685f2182ecba117e1141835623f023633
	Mon Jul 24 11:52:36 2023 -0400

The current git HEAD for RMG-database is:
	113cb53eadea0c17ed6f76eaee3ad952774b8728
	Tue Jun 27 09:11:34 2023 -0400

Loading species CH4...
Loading species NH2...
Loading species CH3...
Loading species NH3...
Loading species C2H6...
Loading species C2H5...
Loading transition state TS1...
Loading transition state TS2...
Loading reaction CH4 + NH2 <=> CH3 + NH3...
Loading reaction C2H6 + NH2 <=> C2H5 + NH3...
Warning: No exact frequency scaling factor match found for LevelOfTheory(method='ccsd(t)f12',basis='ccpvtzf12',software='molpro'). Using LevelOfTheory(method='ccsd(t)f12',basis='ccpvtzf12') instead.
Assigned a frequency scale factor of 0.998 for LevelOfTheory(method='ccsd(t)f12',basis='ccpvtzf12',software='molpro')


Loading statistical mechanics parameters for CH4...
Symmetry input file written to /home/jackson/rmg/RMG-Py/scratch/0.symm
Point group: Td
Saving statistical mechanics parameters for CH4...
Loading statistical mechanics parameters for NH2...
Symmetry input file written to /home/jackson/rmg/RMG-Py/scratch/0.symm
Point group: C2v
Saving statistical mechanics parameters for NH2...
Loading statistical mechanics parameters for CH3...
Symmetry input file written to /home/jackson/rmg/RMG-Py/scratch/0.symm
Point group: D3h
Saving statistical mechanics parameters for CH3...
Loading statistical mechanics parameters for NH3...
Symmetry input file written to /home/jackson/rmg/RMG-Py/scratch/0.symm
Point group: C3v
Saving statistical mechanics parameters for NH3...
Loading statistical mechanics parameters for C2H6...
Symmetry input file written to /home/jackson/rmg/RMG-Py/scratch/0.symm
Point group: D3d
Saving statistical mechanics parameters for C2H6...
Loading statistical mechanics parameters for C2H5...
Symmetry input file written to /home/jackson/rmg/RMG-Py/scratch/0.symm
Point group: Cs
Saving statistical mechanics parameters for C2H5...
Loading statistical mechanics parameters for TS1...
Symmetry input file written to /home/jackson/rmg/RMG-Py/scratch/0.symm
Point group: Cs
Saving statistical mechanics parameters for TS1...
Loading statistical mechanics parameters for TS2...
Symmetry input file written to /home/jackson/rmg/RMG-Py/scratch/0.symm
Point group: Cs
Saving statistical mechanics parameters for TS2...
Saving kinetics for NH2 + CH4 <=> NH3 + CH3...
Saving kinetics for NH2 + C2H6 <=> NH3 + C2H5...

Arkane execution terminated at Mon Jul 24 12:30:04 2023
executed /home/jackson/rmg/RMG-Py/test/../examples/arkane/reactions/rate_demo
running /home/jackson/rmg/RMG-Py/test/../examples/arkane/explorer/methoxy
