
  #-----------------------------------------------------------------#
  #                                                                 #
  #      ________   ________  ________ ___________                  #
  #      \_____  \  \_____  \ \______ \\__    ___/____ _______      #
  #       /  / \  \  /  ____/  |    |  \ |    |  /  _ \\_  __ \     #
  #      /   \_/.  \/       \  |    `   \|    | (  <_> )|  | \/     #
  #      \_____\ \_/\_______ \/_______  /|____|  \____/ |__|        #
  #             \__>        \/        \/                            #
  #                                                                 #
  #-----------------------------------------------------------------#
  #                                                                 #
  #    Q2DTor v1.1 (2018-12)                                        #
  #                                                                 #
  #    A software for the calculation of torsional                  #
  #    anharmonicity of two coupled rotors                          #
  #                                                                 #
  #                                                                 #
  #    Main authors:                                                #
  #         * Ferro-Costas, David       (1)                         #
  #         * Fernandez-Ramos, Antonio  (1)                         #
  #                                                                 #
  #    In collaboration with:                                       #
  #         * Cordeiro, M. Natalia D. S.(2)                         #
  #         * Truhlar, Donald G.        (3)                         #
  #                                                                 #
  #    (1) Centro Singular de Investigacion en Quimica Bioloxica    #
  #        e Materiais Moleculares (CIQUS),                         #
  #        Universidade de Santiago de Compostela, Galicia, Spain   #
  #    (2) Department of Chemistry and Biochemistry,                #
  #        University of Porto, Portugal                            #
  #    (3) Department of Chemistry and Supercomputer Institute,     #
  #        University of Minnesota, Minneapolis, Minnesota          #
  #                                                                 #
  #-----------------------------------------------------------------#


   *==============================
   | Executing Q2DTor with option: --init  [Initialization]
   *==============================
     Data: 2019-04-19 15:22

     Information from input file:
        * torsion1      2-1-6-7
        * torsion2      1-6-7-8
        * level         hf 3-21g
        * charge        0
        * multiplicity  1

     Reading files:
        - file name: S02.xyz
          Number of atoms      8
          Vibrational d.o.f    18
          Geometry (Cartesian coordinates in Angstrom):
             C     +0.75535    +0.55274    +0.02525   ( 12.000 amu)
             C     +1.49156    -0.52914    -0.06424   ( 12.000 amu)
             H     +1.17639    +1.53448    +0.08529   (  1.008 amu)
             H     +2.55656    -0.43150    -0.07814   (  1.008 amu)
             H     +1.11749    -1.53078    -0.12658   (  1.008 amu)
             O     -0.62445    +0.69259    +0.06176   ( 15.995 amu)
             O     -1.39893    -0.54442    -0.00917   ( 15.995 amu)
             H     -0.74688    -1.26102    -0.07164   (  1.008 amu)

     Generation of (redundant) internal coordinates:
          nbonds + 1 - natoms = 0
        - Internal coordinates stored in 'IOfiles/S02.ics' 
        - List of internal coordinates (18)
               1-2            2-4            7-8            6-7            2-5  
               1-6            1-3          1-2-5          2-1-6          4-2-5  
             6-7-8          1-6-7          3-1-6        2-3-6-1        1-4-5-2  
           4-2-1-6        2-1-6-7        1-6-7-8  

     File generation for electronic structure calculations:
        - Selected software is 'gaussian'
        - File 'S02.calcs' has been created


                                          | Elapsed time 3.6 msecs |

   \\\\\\\\\\\\\\\\\\\\\\\ ///////////////////////
       End of execution of Q2DTor with --init  
   \\\\\\\\\\\\\\\\\\\\\\\ ///////////////////////



   *==============================
   | Executing Q2DTor with option: --findsp  [Looking for stationary points in the fitted 2D-PES]
   *==============================
     Data: 2019-04-19 15:22

     Information read by the input file:
        * symmetry      b
        * tsigma1       1
        * tsigma2       1
        * tolerance     1.0000 degrees

     Reading files:
        - file name: IOfiles/S02.vfit
          number of terms in the Fourier series  117

     Searching for stationary points in the fitted 2D-PES
        * Generating a grid with PES values (step of 1.00 degrees)...
        * Generating gradient grid (x-component)...
        * Generating gradient grid (y-component)...
        * Looking for stationary points in the grid...
        * A total of 24 candidates were found
            (  0.00,  0.00) ==> saddle 
            (  0.00,180.00) ==> saddle 
            (  0.00,360.00) ==> saddle 
            (  2.00,  0.00) ==> saddle 
            (  2.00,359.00) ==> saddle 
            (  3.00,215.00) ==> minimum
            ( 39.00,341.00) ==> maximum
            ( 74.00,174.00) ==> saddle 
            ( 85.00,  6.00) ==> maximum
            (114.00,  7.00) ==> saddle 
            (149.00,156.00) ==> minimum
            (180.00,  0.00) ==> maximum
            (180.00,180.00) ==> saddle 
            (180.00,360.00) ==> maximum
            (211.00,204.00) ==> minimum
            (246.00,353.00) ==> saddle 
            (275.00,354.00) ==> maximum
            (286.00,186.00) ==> saddle 
            (321.00, 19.00) ==> maximum
            (357.00,145.00) ==> minimum
            (358.00,  1.00) ==> saddle 
            (360.00,  0.00) ==> saddle 
            (360.00,180.00) ==> saddle 
            (360.00,360.00) ==> saddle 

     Improving list of candidates:
        * Improving position of minima and maxima with downhill algorithm...
            (  3.00,215.00) --> (  3.30,214.80)
            ( 39.00,341.00) --> ( 39.58,340.81)
            ( 85.00,  6.00) --> ( 84.64,  5.85)
            (149.00,156.00) --> (149.00,156.25)
            (180.00,  0.00) --> (180.00,  0.00)
            (180.00,360.00) --> (180.00,360.00)
            (211.00,204.00) --> (211.00,203.75)
            (275.00,354.00) --> (275.36,354.15)
            (321.00, 19.00) --> (320.42, 19.19)
            (357.00,145.00) --> (356.69,145.20)
        * Applying symmetry conditions to each point...
        * Removing stationary points outside the symmetry region...
        * Merging closed points...
        * Comparing energies of remaining points...

     Storing the location of each stationary point at: IOfiles/S02.splist
                -------------------------------
                  phi1  |  phi2  |  E (cm^-1)  
                -------------------------------
         MIN01 :   3.31 | 214.80 |     -7.61 
         TS_01 :   0.00 | 180.00 |    +14.06 
         MIN02 : 149.00 | 156.25 |   +460.71 
         TS_02 : 180.00 | 180.00 |   +569.99 
         TS_03 :  74.00 | 174.00 |  +1365.16 
         TS_04 :   2.00 |   0.00 |  +3719.51 
         TS_05 : 114.00 |   7.00 |  +3802.02 
         MAX01 : 320.42 |  19.19 |  +3807.82 
         MAX02 :  84.64 |   5.85 |  +3856.83 
         MAX03 : 180.00 |   0.00 |  +4542.54 
                -------------------------------


                                          | Elapsed time 53.0 secs |

   \\\\\\\\\\\\\\\\\\\\\\\ ///////////////////////
       End of execution of Q2DTor with --findsp  
   \\\\\\\\\\\\\\\\\\\\\\\ ///////////////////////



   *==============================
   | Executing Q2DTor with option: --tor2dns  [Calculating the 2D-NS torsional eigenvalues]
   *==============================
     Data: 2019-04-19 15:23

     Information from input file:
        * torsion1      2-1-6-7
        * torsion2      1-6-7-8
        * symmetry      b
        * tsigma1       1
        * tsigma2       1
        * dijvar        yes
        * kmax          100
        * maxeigen      10000.00 cm^-1

     Reading files:
        - file name: S02.xyz
          Number of atoms      8
          Vibrational d.o.f    18
          Geometry (Cartesian coordinates in Angstrom):
             C     +0.75535    +0.55274    +0.02525   ( 12.000 amu)
             C     +1.49156    -0.52914    -0.06424   ( 12.000 amu)
             H     +1.17639    +1.53448    +0.08529   (  1.008 amu)
             H     +2.55656    -0.43150    -0.07814   (  1.008 amu)
             H     +1.11749    -1.53078    -0.12658   (  1.008 amu)
             O     -0.62445    +0.69259    +0.06176   ( 15.995 amu)
             O     -1.39893    -0.54442    -0.00917   ( 15.995 amu)
             H     -0.74688    -1.26102    -0.07164   (  1.008 amu)

        - file name: IOfiles/S02.vfit
          number of terms in the Fourier series  117

        - file name: IOfiles/S02.ics
               1-2            1-3            1-6            2-4            2-5  
               6-7            7-8          1-2-5          1-6-7          2-1-6  
             3-1-6          4-2-5          6-7-8        1-4-5-2        1-6-7-8  
           2-1-6-7        2-3-6-1        4-2-1-6  

        - file name: IOfiles/S02.pes
          number of points    684
          reference energy    -226.398436 hartree

        - file name: IOfiles/S02.splist
          number of minima :  2
          number of saddles:  5
          number of maxima :  3

     Analyzing minimum energy:
        - Mininum energy in numeric PES:  -226.3984362 hartree
     Dependence of dij terms with (phi1,phi2) is required
        * Fitting dij elements across 2D-PES...
        * File 'IOfiles/S02.dfit' with fittings for dij elements was created

     Torsional Hamiltonian matrix:
        * Calculating...
        * Diagonalizing...
              last eigenvalue is  1993.03 cm^-1
              last eigenvalue is  2475.91 cm^-1
              last eigenvalue is  2896.30 cm^-1
              last eigenvalue is  3281.03 cm^-1
              last eigenvalue is  3642.62 cm^-1
              last eigenvalue is  3975.79 cm^-1
              last eigenvalue is  4288.36 cm^-1
              last eigenvalue is  4580.48 cm^-1
              last eigenvalue is  4870.01 cm^-1
              last eigenvalue is  5162.45 cm^-1
              last eigenvalue is  5458.24 cm^-1
              last eigenvalue is  5753.92 cm^-1
              last eigenvalue is  6051.97 cm^-1
              last eigenvalue is  6348.22 cm^-1
              last eigenvalue is  6632.65 cm^-1
              last eigenvalue is  6918.81 cm^-1
              last eigenvalue is  7210.11 cm^-1
              last eigenvalue is  7502.51 cm^-1
              last eigenvalue is  7800.12 cm^-1
              last eigenvalue is  8094.14 cm^-1
              last eigenvalue is  8391.92 cm^-1
              last eigenvalue is  8691.09 cm^-1
              last eigenvalue is  8976.56 cm^-1
              last eigenvalue is  9268.52 cm^-1
              last eigenvalue is  9566.10 cm^-1
              last eigenvalue is  9864.91 cm^-1
        * Storing eigenvalues in 'IOfiles/S02.evals'...

     2DNS eigenvalues (cm^-1):
              120.79    188.13    301.20    304.56    373.04    429.67    481.10    486.90
              550.70    570.83    572.08    577.28    615.85    628.75    650.24    663.91
              665.18    684.66    695.11    713.80    720.90    725.03    739.48    758.48
              765.18    780.32    794.21    811.82    811.84    819.68    820.50    829.64
              835.56    865.98    876.30    881.81    883.54    886.60    903.93    911.29
              934.36    936.53    936.79    951.49    961.74    963.91    965.84    969.21
              993.29    993.82    997.27   1002.18   1015.61   1039.04   1050.54   1052.30
             1052.67   1055.30   1056.76   1072.19   1088.41   1097.55   1104.56   1111.01
             1111.76   1112.73   1113.50   1123.33   1125.94   1131.78   1147.13   1149.54
             1168.92   1171.77   1172.28   1179.65   1189.02   1199.86   1212.66   1227.65
             1229.56   1230.72   1231.94   1238.19   1246.00   1254.02   1254.18   1254.74
             1258.16   1258.37   1270.33   1286.78   1288.29   1291.85   1295.96   1300.85
             1305.33   1306.58   1311.30   1336.47   1342.59   1347.53   1350.98   1355.39
             1358.05   1369.01   1374.18   1385.39   1387.93   1391.29   1396.40   1397.25
             1405.66   1407.70   1408.81   1410.77   1411.68   1419.90   1425.81   1427.41
             1430.53   1440.56   1450.38   1453.53   1466.47   1467.79   1468.32   1477.20
             1484.31   1484.96   1486.77   1487.34   1492.21   1509.10   1509.88   1521.79
             1525.97   1527.41   1528.87   1528.96   1540.25   1542.48   1545.94   1549.56
             1564.78   1566.84   1567.82   1568.26   1576.25   1582.20   1584.04   1586.31
             1591.20   1596.42   1597.17   1604.85   1607.67   1611.27   1611.39   1621.74
             1630.50   1632.08   1635.40   1640.81   1644.27   1645.37   1656.76   1663.13
             1665.74   1673.87   1674.97   1675.92   1681.57   1685.00   1694.23   1695.86
             1696.67   1697.42   1702.09   1707.32   1711.45   1715.47   1727.75   1732.30
             1735.06   1739.47   1751.19   1754.10   1755.16   1755.90   1757.97   1762.32
             1763.32   1769.99   1774.27   1775.60   1780.04   1785.48   1790.73   1794.78
             1794.87   1796.73   1799.25   1806.04   1812.27   1815.00   1823.61   1829.19
             1836.84   1843.06   1845.24   1849.77   1854.72   1855.71   1859.46   1859.69
             1863.32   1866.98   1868.29   1869.48   1870.28   1872.21   1885.65   1892.64
             1895.42   1901.65   1903.91   1912.06   1913.37   1914.87   1925.21   1929.83
             1934.33   1938.10   1942.81   1947.08   1947.50   1948.82   1955.47   1957.25
             1958.39   1959.28   1959.56   1971.26   1971.62   1981.15   1982.53   1988.96
             1990.73   1993.03   1994.07   1994.26   1997.26   2000.50   2001.15   2015.32
             2020.51   2026.41   2032.20   2034.71   2038.50   2041.65   2045.09   2052.80
             2054.66   2064.07   2064.35   2066.26   2066.81   2068.08   2073.72   2077.27
             2078.53   2081.26   2082.34   2083.19   2084.87   2099.54   2099.63   2111.68
             2115.41   2119.08   2126.84   2129.55   2129.86   2135.61   2137.05   2139.14
             2143.63   2146.49   2152.17   2158.77   2160.82   2163.48   2171.02   2172.99
             2173.09   2176.04   2177.21   2179.23   2181.73   2183.07   2188.22   2190.35
             2191.49   2194.38   2199.96   2201.43   2206.65   2216.63   2217.40   2221.42
             2223.02   2230.10   2230.57   2235.81   2248.01   2250.49   2258.33   2259.46
             2266.64   2266.64   2271.02   2274.14   2274.56   2277.78   2281.59   2284.21
             2285.26   2289.75   2295.21   2295.93   2298.96   2302.89   2306.07   2313.69
             2313.73   2319.54   2322.69   2325.52   2326.62   2332.16   2335.83   2337.66
             2341.36   2347.03   2348.76   2359.87   2361.27   2363.79   2364.44   2368.80
             2369.94   2371.84   2378.76   2379.11   2388.43   2388.82   2389.89   2393.78
             2394.76   2399.90   2401.22   2410.33   2412.90   2413.38   2417.86   2424.27
             2426.40   2427.02   2429.44   2433.95   2434.43   2437.47   2439.48   2450.42
             2451.13   2460.57   2463.43   2466.83   2467.81   2468.38   2470.61   2475.91
             2479.20   2483.06   2487.45   2491.83   2502.71   2504.74   2513.74   2515.63
             2516.54   2518.28   2521.87   2522.71   2527.12   2530.01   2530.95   2537.06
             2537.32   2540.45   2543.04   2543.43   2546.56   2549.53   2552.30   2554.83
             2557.24   2560.16   2564.12   2566.52   2569.71   2570.48   2573.69   2575.71
             2581.92   2583.17   2590.46   2597.79   2600.42   2607.25   2609.97   2615.17
             2620.66   2622.77   2625.45   2627.29   2628.38   2630.33   2634.07   2634.44
             2641.02   2641.45   2655.92   2656.63   2661.61   2664.73   2669.07   2669.39
             2670.43   2672.05   2675.81   2676.28   2677.99   2680.75   2683.49   2688.32
             2692.96   2695.42   2696.04   2701.75   2709.37   2710.19   2710.28   2717.07
             2720.23   2723.44   2728.52   2729.23   2731.29   2735.24   2740.27   2743.63
             2748.61   2751.01   2752.00   2757.00   2757.10   2763.14   2763.86   2764.90
             2770.71   2778.22   2779.10   2781.35   2786.65   2788.39   2790.08   2793.06
             2793.84   2797.53   2800.15   2805.00   2806.21   2806.56   2812.24   2816.54
             2818.45   2822.54   2830.10   2830.85   2832.15   2838.39   2840.94   2844.11
             2845.98   2850.00   2857.35   2859.93   2863.01   2867.27   2870.56   2871.71
             2874.35   2877.50   2880.29   2884.86   2888.06   2888.93   2890.88   2894.00
             2894.72   2896.30   2898.52   2902.28   2911.97   2915.56   2916.37   2919.30
             2923.66   2926.01   2931.23   2936.33   2938.73   2940.68   2941.69   2942.93
             2952.12   2952.83   2953.23   2953.67   2959.38   2962.18   2963.25   2965.30
             2966.54   2968.81   2977.05   2981.23   2981.86   2988.21   2988.29   2993.88
             2994.17   2996.03   2999.25   3006.55   3007.35   3009.99   3014.30   3017.11
             3020.80   3022.24   3022.44   3032.30   3035.90   3037.38   3042.09   3042.87
             3046.00   3053.32   3055.39   3057.53   3058.95   3064.72   3068.96   3069.93
             3070.94   3071.09   3072.71   3073.00   3078.58   3080.27   3081.20   3081.48
             3088.95   3090.98   3094.09   3104.74   3106.34   3110.41   3117.84   3120.25
             3121.88   3123.38   3125.35   3125.67   3131.36   3134.56   3137.68   3139.77
             3140.62   3145.43   3145.56   3153.27   3153.88   3154.35   3154.97   3160.15
             3162.73   3165.64   3166.57   3168.73   3173.80   3176.19   3179.11   3179.71
             3185.18   3190.10   3191.14   3194.34   3195.38   3197.48   3208.99   3214.27
             3215.50   3222.72   3222.82   3223.82   3225.05   3227.66   3230.01   3230.87
             3233.93   3235.62   3242.23   3243.39   3245.31   3250.81   3256.42   3257.43
             3261.91   3264.82   3264.85   3265.54   3266.52   3267.22   3274.64   3281.03
             3281.97   3285.13   3287.48   3288.35   3293.37   3299.53   3300.02   3305.04
             3305.41   3309.19   3309.21   3312.99   3313.67   3315.60   3318.03   3322.87
             3325.41   3327.19   3330.87   3331.87   3337.72   3342.95   3350.06   3351.55
             3352.42   3352.49   3354.75   3358.89   3359.15   3363.22   3363.52   3366.49
             3367.58   3368.93   3371.67   3377.12   3385.88   3386.57   3396.61   3399.64
             3402.51   3403.64   3405.01   3407.95   3411.28   3413.91   3414.46   3418.81
             3419.48   3423.04   3425.32   3426.43   3426.93   3430.51   3432.54   3436.21
             3436.56   3443.88   3445.13   3446.68   3454.77   3454.81   3456.21   3460.30
             3460.52   3462.84   3466.60   3467.63   3475.46   3475.84   3479.62   3480.63
             3481.13   3484.47   3491.52   3492.98   3495.30   3497.36   3502.25   3505.18
             3505.30   3508.30   3510.15   3511.27   3514.11   3516.92   3521.38   3527.78
             3528.88   3533.89   3538.02   3539.05   3541.03   3542.81   3544.00   3546.89
             3548.33   3548.62   3554.70   3555.62   3559.31   3561.98   3563.80   3569.30
             3569.61   3573.70   3580.31   3581.27   3584.79   3587.17   3589.77   3592.06
             3594.74   3596.49   3598.78   3599.59   3604.01   3609.47   3612.81   3614.40
             3615.09   3615.24   3617.24   3618.38   3628.86   3628.92   3633.53   3638.01
             3638.06   3642.62   3643.66   3644.28   3644.70   3645.77   3646.37   3655.84
             3656.46   3657.65   3661.82   3661.83   3669.40   3671.28   3674.73   3676.62
             3677.52   3681.94   3682.25   3684.35   3687.69   3693.18   3694.24   3697.05
             3699.32   3701.20   3703.97   3704.93   3708.77   3713.05   3714.15   3718.05
             3720.50   3723.25   3727.36   3730.78   3730.86   3731.34   3734.13   3736.69
             3737.62   3739.96   3744.83   3745.44   3756.13   3757.24   3763.85   3766.64
             3767.38   3769.72   3771.22   3772.06   3773.22   3776.83   3779.46   3780.11
             3781.27   3781.85   3784.71   3785.11   3786.91   3792.23   3796.07   3796.79
             3799.60   3799.65   3803.46   3808.94   3811.41   3813.39   3813.65   3816.49
             3816.70   3819.32   3822.46   3823.29   3832.40   3835.62   3837.41   3837.56
             3842.09   3845.11   3850.13   3852.92   3853.72   3859.24   3860.11   3861.08
             3861.45   3861.91   3862.57   3862.91   3863.63   3869.33   3870.33   3873.73
             3877.67   3877.92   3878.43   3880.10   3888.01   3890.91   3891.75   3893.94
             3895.48   3895.74   3901.33   3907.13   3907.58   3910.42   3911.27   3912.25
             3915.48   3925.79   3928.14   3928.72   3929.42   3930.77   3938.65   3941.33
             3941.67   3947.64   3950.56   3950.61   3956.41   3956.89   3958.62   3960.06
             3960.14   3962.45   3963.03   3973.93   3975.79   3976.89   3977.97   3982.41
             3983.34   3988.58   3990.32   3995.01   3996.94   3997.76   3998.97   3999.30
             4002.05   4004.35   4006.94   4008.34   4009.08   4009.16   4010.54   4010.75
             4013.64   4014.49   4019.05   4019.71   4020.59   4028.90   4029.62   4031.61
             4040.63   4040.65   4044.86   4044.99   4047.36   4047.89   4052.32   4052.34
             4054.60   4058.41   4058.52   4062.71   4062.85   4065.76   4066.35   4072.67
             4074.96   4081.04   4081.20   4081.56   4085.45   4088.90   4091.63   4097.99
             4099.25   4099.53   4101.24   4105.20   4107.36   4108.54   4112.36   4112.64
             4114.43   4116.12   4116.36   4118.91   4126.98   4128.30   4130.73   4131.35
             4135.79   4138.67   4145.35   4145.98   4146.01   4146.36   4147.19   4147.70
             4150.20   4153.27   4154.60   4159.87   4160.76   4161.88   4162.01   4170.35
             4171.53   4174.02   4174.97   4177.53   4179.49   4182.27   4182.45   4183.40
             4185.20   4185.21   4192.01   4192.11   4202.34   4203.28   4206.72   4207.38
             4209.66   4216.27   4216.61   4217.51   4217.53   4222.71   4223.44   4226.93
             4227.68   4228.60   4228.87   4234.82   4234.91   4234.97   4235.75   4246.49
             4247.62   4252.50   4252.53   4253.10   4257.24   4259.99   4261.51   4264.76
             4264.77   4267.07   4268.44   4270.35   4270.66   4288.36   4288.74   4290.45
             4290.68   4297.92   4298.67   4302.26   4304.07   4308.49   4309.38   4310.00
             4310.60   4310.93   4315.41   4316.08   4316.60   4316.62   4317.00   4320.73
             4322.70   4329.94   4333.71   4336.20   4337.47   4343.67   4343.87   4346.05
             4347.60   4353.66   4359.60   4360.50   4368.39   4368.61   4369.02   4370.97
             4372.51   4372.79   4373.74   4375.93   4377.71   4378.20   4378.56   4378.88
             4384.05   4384.75   4385.86   4389.57   4390.48   4395.70   4395.71   4396.31
             4398.68   4401.09   4401.09   4401.14   4406.23   4406.51   4407.56   4418.27
             4420.43   4422.20   4422.51   4425.84   4429.28   4432.44   4432.49   4432.77
             4437.97   4443.51   4443.77   4448.32   4454.55   4455.37   4458.84   4460.45
             4461.86   4462.37   4463.59   4464.35   4470.07   4470.73   4472.13   4472.14
             4479.01   4481.02   4483.97   4486.59   4486.69   4492.39   4492.47   4492.53
             4492.60   4493.74   4493.75   4502.10   4502.13   4506.34   4507.18   4512.87
             4512.88   4518.66   4518.97   4522.42   4523.21   4526.35   4527.34   4527.57
             4529.26   4532.17   4532.19   4541.80   4542.22   4543.60   4544.23   4552.56
             4554.41   4554.82   4556.09   4562.73   4569.57   4570.94   4571.80   4573.34
             4574.77   4574.86   4578.05   4578.54   4579.73   4580.48   4580.84   4581.87
             4584.51   4584.86   4585.22   4586.34   4588.46   4605.56   4605.58   4609.23
             4610.26   4619.61   4620.63   4625.03   4626.97   4631.52   4631.52   4632.28
             4633.90   4635.33   4635.70   4643.81   4644.31   4646.82   4648.75   4650.21
             4651.11   4651.36   4656.39   4657.28   4658.77   4661.84   4662.01   4662.68
             4664.48   4670.89   4671.92   4672.13   4673.16   4681.86   4682.48   4688.02
             4688.10   4690.39   4690.41   4694.90   4696.09   4697.64   4697.70   4703.14
             4705.31   4708.89   4709.73   4713.74   4717.73   4718.80   4720.60   4724.21
             4724.39   4726.05   4726.42   4728.33   4738.10   4738.18   4738.36   4742.02
             4743.48   4743.80   4750.93   4752.93   4755.65   4756.37   4758.65   4763.75
             4764.22   4766.52   4776.25   4778.50   4778.56   4780.27   4782.66   4786.14
             4786.21   4793.20   4793.38   4795.29   4799.84   4800.14   4804.15   4804.93
             4808.11   4808.19   4810.65   4816.34   4816.56   4818.14   4821.44   4824.55
             4824.57   4825.51   4830.52   4830.54   4830.55   4830.89   4830.90   4831.04
             4835.16   4835.41   4835.69   4841.50   4845.21   4846.18   4846.35   4847.23
             4851.83   4853.45   4853.81   4857.75   4861.27   4864.52   4865.80   4867.85
             4870.01   4878.25   4878.29   4884.11   4884.31   4888.11   4888.12   4893.91
             4894.24   4895.92   4896.07   4902.10   4902.23   4904.48   4904.56   4907.09
             4907.44   4920.56   4920.59   4921.18   4921.23   4921.69   4921.75   4924.39
             4925.21   4936.91   4937.14   4940.65   4940.69   4948.04   4948.48   4951.18
             4952.88   4955.47   4955.70   4958.07   4958.17   4964.13   4965.96   4971.30
             4971.43   4974.94   4975.57   4977.90   4978.82   4984.53   4984.73   4987.18
             4987.40   4992.79   4992.80   4999.69   4999.96   5005.26   5005.50   5005.59
             5005.99   5006.22   5006.89   5008.31   5008.51   5012.21   5012.21   5019.72
             5019.73   5026.81   5026.85   5029.45   5029.47   5037.44   5038.38   5050.63
             5050.67   5051.78   5051.87   5056.01   5057.08   5063.14   5063.68   5071.19
             5071.43   5073.46   5073.81   5077.59   5078.23   5078.67   5078.98   5082.47
             5082.50   5085.48   5086.36   5090.70   5092.50   5098.43   5098.60   5100.56
             5100.56   5104.17   5104.18   5113.17   5114.27   5114.37   5115.58   5120.20
             5120.22   5124.78   5124.79   5134.89   5136.04   5136.25   5137.75   5140.06
             5140.18   5154.24   5154.63   5155.62   5156.15   5161.41   5161.73   5161.76
             5162.45   5169.64   5169.67   5172.65   5172.92   5177.93   5178.07   5182.03
             5182.94   5183.18   5183.83   5189.65   5190.42   5196.15   5196.57   5198.08
             5198.46   5200.97   5201.76   5202.80   5204.25   5204.49   5205.10   5209.75
             5209.80   5220.84   5221.15   5225.27   5225.98   5231.99   5231.99   5234.85
             5235.57   5242.72   5242.78   5244.39   5244.39   5251.69   5251.82   5252.85
             5253.34   5264.18   5264.31   5268.45   5268.45   5274.91   5275.11   5280.75
             5282.26   5284.87   5286.15   5289.67   5290.13   5291.91   5292.18   5299.77
             5299.93   5303.67   5304.69   5305.28   5305.53   5310.02   5310.09   5313.89
             5313.89   5316.27   5316.28   5316.29   5316.29   5320.35   5320.38   5322.68
             5322.91   5327.53   5327.71   5330.86   5331.74   5336.61   5336.62   5344.87
             5344.87   5348.50   5348.58   5350.66   5350.75   5354.19   5354.22   5364.64
             5364.68   5370.91   5370.98   5384.69   5384.80   5387.62   5387.73   5390.26
             5390.28   5393.32   5393.47   5401.68   5401.69   5405.93   5406.00   5406.58
             5406.61   5406.65   5406.68   5413.27   5413.48   5420.12   5420.18   5422.30
             5422.31   5426.41   5426.42   5429.47   5429.78   5436.41   5436.52   5439.72
             5440.20   5447.98   5448.00   5449.87   5449.89   5456.89   5457.14   5458.23
             5458.24   5458.45   5458.47   5469.64   5469.69   5472.12   5472.12   5476.96
             5476.96   5490.18   5490.23   5490.40   5490.49   5491.35   5491.38   5496.66
             5496.71   5501.20   5501.28   5506.65   5506.73   5514.13   5514.23   5516.22
             5516.24   5528.69   5528.70   5529.84   5530.09   5531.69   5531.80   5535.35
             5535.44   5543.08   5543.64   5544.78   5545.00   5552.35   5552.37   5557.84
             5557.86   5561.07   5561.25   5561.95   5562.02   5567.16   5567.27   5570.28
             5570.33   5573.21   5573.23   5584.66   5584.75   5589.31   5589.36   5601.22
             5601.22   5605.48   5605.56   5611.24   5611.47   5613.90   5613.94   5620.21
             5620.29   5624.02   5624.03   5627.15   5627.16   5629.87   5630.05   5640.21
             5640.21   5644.73   5645.41   5646.24   5646.29   5647.70   5647.70   5652.20
             5652.27   5659.93   5660.82   5662.05   5662.25   5668.34   5668.43   5670.59
             5670.62   5673.45   5673.47   5678.49   5678.49   5681.26   5681.26   5686.01
             5686.07   5689.58   5689.70   5697.49   5697.64   5701.58   5701.74   5706.34
             5706.36   5713.52   5713.66   5717.63   5717.82   5726.77   5727.92   5728.72
             5728.82   5735.12   5736.44   5738.81   5738.85   5739.66   5739.66   5746.97
             5747.24   5753.80   5753.92   5755.10   5755.10   5763.14   5763.51   5766.95
             5766.96   5777.97   5778.08   5787.49   5787.55   5788.55   5788.90   5791.02
             5791.06   5795.07   5795.33   5796.58   5797.08   5797.46   5797.76   5807.26
             5807.26   5810.83   5810.87   5813.66   5813.80   5814.23   5814.44   5825.92
             5825.92   5835.17   5835.17   5835.50   5835.54   5839.83   5839.84   5844.26
             5844.29   5849.70   5849.70   5849.71   5849.71   5850.52   5851.32   5852.74
             5853.54   5858.32   5858.36   5865.03   5865.05   5871.21   5871.22   5876.79
             5876.79   5887.68   5887.70   5889.54   5889.55   5895.31   5895.31   5897.80
             5897.80   5904.76   5904.76   5909.95   5909.96   5911.70   5911.71   5915.71
             5915.75   5917.51   5917.57   5923.76   5923.89   5932.77   5932.81   5939.87
             5939.87   5939.93   5939.93   5943.48   5943.61   5945.62   5945.72   5949.93
             5949.95   5956.16   5956.16   5959.85   5959.85   5967.54   5967.54   5971.67
             5971.67   5980.32   5980.32   5985.36   5985.41   5987.27   5987.29   5989.28
             5989.41   5996.44   5996.59   5997.88   5997.94   6003.31   6003.32   6009.33
             6009.34   6016.38   6016.39   6023.43   6023.43   6024.41   6024.42   6028.24
             6028.25   6031.00   6031.00   6034.93   6034.93   6051.96   6051.96   6053.85
             6053.87   6058.11   6058.21   6061.03   6061.32   6064.45   6064.77   6068.78
             6069.03   6074.22   6074.42   6075.19   6075.28   6079.35   6079.37   6087.14
             6087.14   6095.20   6095.20   6096.81   6096.81   6103.24   6103.24   6106.94
             6106.96   6107.42   6107.42   6109.82   6109.82   6117.27   6117.27   6126.38
             6126.38   6129.29   6129.30   6134.61   6134.61   6137.82   6137.86   6143.98
             6144.15   6150.12   6150.26   6153.33   6153.36   6154.55   6155.00   6156.30
             6156.38   6167.33   6167.95   6174.73   6175.00   6179.02   6179.03   6179.82
             6179.82   6187.50   6187.50   6189.11   6189.11   6196.08   6196.08   6208.21
             6208.21   6216.40   6216.40   6218.16   6218.17   6218.68   6218.69   6224.84
             6224.87   6227.49   6227.59   6227.82   6227.89   6230.19   6230.20   6239.84
             6240.22   6242.99   6243.22   6244.29   6244.74   6248.98   6249.35   6251.05
             6251.12   6260.95   6260.97   6265.99   6266.06   6268.92   6269.00   6275.10
             6275.10   6276.91   6276.92   6289.33   6289.34   6297.80   6297.80   6299.70
             6299.70   6307.54   6307.54   6309.92   6309.96   6311.43   6311.47   6325.08
             6325.09   6332.43   6332.86   6335.44   6336.37   6340.32   6340.37   6340.96
             6340.96   6342.34   6343.11   6343.34   6343.45   6347.62   6348.22   6350.18
             6350.20   6351.68   6351.83   6361.32   6361.34   6364.24   6364.24   6367.27
             6367.27   6374.04   6374.04   6374.71   6374.71   6384.82   6384.82   6389.50
             6389.50   6394.27   6394.27   6399.51   6399.51   6408.04   6408.04   6415.15
             6415.15   6423.55   6423.55   6428.43   6428.43   6428.43   6428.43   6430.22
             6430.23   6438.99   6439.02   6439.81   6439.81   6440.99   6441.05   6448.38
             6448.38   6450.50   6450.52   6457.80   6457.80   6463.17   6463.17   6466.14
             6466.14   6469.48   6469.49   6474.90   6474.92   6485.10   6485.11   6491.54
             6491.55   6493.63   6493.66   6499.89   6499.90   6500.45   6500.45   6505.62
             6505.62   6508.08   6508.09   6514.14   6514.14   6515.23   6515.23   6518.56
             6518.56   6518.62   6518.62   6521.79   6521.79   6528.59   6528.59   6538.49
             6538.49   6539.30   6539.31   6547.54   6547.56   6555.07   6555.09   6559.23
             6559.23   6569.06   6569.07   6572.85   6572.87   6579.71   6579.71   6583.38
             6583.38   6585.88   6585.88   6599.94   6599.94   6602.26   6602.26   6603.10
             6603.10   6605.43   6605.43   6611.55   6611.55   6617.64   6617.64   6619.32
             6619.32   6625.51   6625.51   6628.99   6629.00   6630.24   6630.25   6632.64
             6632.65   6643.37   6643.37   6647.75   6647.77   6649.72   6649.81   6655.01
             6655.12   6662.04   6662.14   6669.01   6669.01   6669.41   6669.45   6674.68
             6674.68   6675.24   6675.24   6677.91   6677.91   6681.82   6681.82   6681.92
             6681.92   6691.64   6691.65   6693.83   6693.84   6702.22   6702.22   6706.17
             6706.18   6710.87   6710.88   6729.19   6729.20   6731.98   6732.13   6732.71
             6732.79   6733.12   6733.21   6737.28   6737.29   6744.28   6744.28   6745.06
             6745.06   6752.67   6752.68   6757.06   6757.06   6765.69   6765.69   6770.19
             6770.19   6778.19   6778.19   6782.62   6782.62   6785.80   6785.80   6795.45
             6795.45   6797.81   6797.81   6805.60   6805.61   6808.63   6808.66   6814.47
             6814.48   6819.80   6819.88   6821.39   6821.42   6824.99   6825.01   6827.66
             6827.68   6829.44   6829.44   6831.44   6831.45   6834.39   6834.41   6838.56
             6838.56   6839.94   6839.95   6849.06   6849.07   6858.32   6858.33   6866.14
             6866.14   6867.52   6867.53   6869.65   6869.65   6877.67   6877.67   6880.39
             6880.39   6883.13   6883.13   6888.32   6888.32   6892.65   6892.65   6904.41
             6904.41   6908.14   6908.18   6908.44   6908.49   6909.54   6909.54   6918.80
             6918.81   6927.80   6927.80   6930.64   6930.65   6937.65   6937.65   6942.23
             6942.23   6945.36   6945.36   6953.03   6953.03   6961.34   6961.34   6967.12
             6967.12   6975.77   6975.77   6981.03   6981.04   6983.24   6983.26   6985.42
             6985.42   6985.82   6985.82   6989.31   6989.31   6993.51   6993.51   6997.17
             6997.17   7003.32   7003.32   7006.66   7006.66   7015.20   7015.20   7015.85
             7015.85   7024.21   7024.21   7029.63   7029.63   7036.64   7036.64   7038.81
             7038.82   7044.83   7044.84   7048.01   7048.01   7051.00   7051.00   7051.00
             7051.00   7058.79   7058.89   7059.47   7059.58   7061.70   7061.71   7066.85
             7066.86   7071.29   7071.29   7073.81   7073.81   7078.20   7078.20   7093.22
             7093.22   7105.77   7105.77   7110.85   7110.85   7114.98   7114.98   7119.76
             7119.76   7121.95   7121.95   7123.26   7123.26   7127.74   7127.74   7136.99
             7136.99   7141.17   7141.17   7141.21   7141.21   7146.88   7146.88   7150.26
             7150.26   7151.93   7151.93   7157.76   7157.76   7159.04   7159.04   7161.78
             7161.78   7170.14   7170.14   7174.14   7174.14   7181.49   7181.49   7193.13
             7193.13   7193.52   7193.52   7202.04   7202.04   7203.62   7203.62   7206.56
             7206.57   7210.11   7210.11   7213.94   7213.94   7221.77   7221.77   7224.56
             7224.56   7225.11   7225.11   7225.79   7225.79   7234.46   7234.46   7236.40
             7236.40   7237.26   7237.26   7243.07   7243.07   7253.13   7253.13   7253.49
             7253.49   7265.10   7265.10   7268.71   7268.71   7283.03   7283.03   7292.56
             7292.57   7293.74   7293.75   7298.51   7298.51   7301.96   7301.99   7303.92
             7303.97   7304.45   7304.45   7308.70   7308.71   7315.39   7315.39   7317.20
             7317.21   7323.32   7323.32   7323.95   7323.95   7329.11   7329.12   7336.38
             7336.38   7343.29   7343.29   7350.17   7350.17   7355.99   7355.99   7357.18
             7357.18   7357.99   7357.99   7360.18   7360.18   7375.78   7375.78   7378.56
             7378.57   7378.79   7378.81   7379.42   7379.43   7384.81   7384.81   7396.23
             7396.30   7399.10   7399.26   7401.28   7401.36   7405.00   7405.01   7413.16
             7413.16   7414.97   7414.97   7418.01   7418.01   7426.59   7426.59   7429.64
             7429.64   7430.23   7430.24   7440.91   7440.91   7452.60   7452.60   7454.82
             7454.82   7457.86   7457.86   7459.22   7459.22   7459.82   7459.82   7469.23
             7469.23   7476.32   7476.32   7479.84   7479.84   7482.92   7482.92   7483.19
             7483.20   7490.64   7490.64   7495.36   7495.36   7500.44   7500.45   7502.48
             7502.50   7503.82   7503.82   7507.84   7507.84   7514.49   7514.50   7517.92
             7517.93   7522.81   7522.81   7530.19   7530.19   7533.08   7533.08   7542.61
             7542.61   7559.02   7559.02   7562.44   7562.44   7562.80   7562.80   7571.55
             7571.55   7577.33   7577.33   7578.99   7578.99   7586.34   7586.34   7589.70
             7589.70   7590.09   7590.10   7593.30   7593.31   7604.97   7604.97   7606.58
             7606.58   7611.71   7611.71   7623.60   7623.60   7624.56   7624.56   7626.29
             7626.29   7627.43   7627.43   7631.03   7631.03   7635.23   7635.23   7646.10
             7646.10   7648.62   7648.62   7651.63   7651.63   7658.51   7658.51   7664.15
             7664.15   7668.69   7668.69   7671.71   7671.71   7677.22   7677.22   7684.10
             7684.10   7693.49   7693.49   7695.90   7695.90   7698.87   7698.87   7704.73
             7704.73   7707.15   7707.15   7715.58   7715.58   7716.49   7716.49   7716.49
             7716.49   7719.20   7719.20   7720.01   7720.02   7723.98   7723.98   7733.42
             7733.42   7738.39   7738.39   7746.70   7746.70   7760.21   7760.21   7760.34
             7760.34   7761.72   7761.72   7764.33   7764.33   7764.70   7764.70   7773.98
             7773.98   7774.38   7774.38   7787.69   7787.69   7792.60   7792.60   7800.11
             7800.11   7806.73   7806.73   7806.76   7806.76   7807.40   7807.40   7813.37
             7813.37   7818.72   7818.72   7824.73   7824.73   7828.02   7828.02   7833.62
             7833.62   7838.05   7838.05   7846.05   7846.05   7850.59   7850.59   7851.48
             7851.48   7858.37   7858.37   7859.55   7859.55   7863.85   7863.85   7868.71
             7868.71   7878.34   7878.34   7880.54   7880.54   7885.41   7885.41   7887.40
             7887.41   7890.95   7890.95   7891.46   7891.46   7896.99   7896.99   7898.94
             7898.94   7908.99   7908.99   7911.64   7911.64   7919.17   7919.17   7923.13
             7923.13   7933.55   7933.55   7940.77   7940.77   7942.25   7942.25   7944.18
             7944.18   7945.47   7945.47   7961.02   7961.02   7964.83   7964.85   7965.45
             7965.45   7965.87   7965.89   7970.10   7970.10   7974.71   7974.72   7983.42
             7983.42   7985.61   7985.61   7989.01   7989.01   7992.80   7992.80   7996.31
             7996.31   8002.35   8002.35   8010.29   8010.29   8012.14   8012.14   8024.96
             8024.96   8026.83   8026.83   8036.31   8036.31   8039.85   8039.85   8041.91
             8041.91   8043.77   8043.77   8047.90   8047.90   8050.39   8050.39   8051.76
             8051.76   8061.80   8061.80   8064.88   8064.88   8071.43   8071.43   8077.85
             8077.85   8078.69   8078.70   8081.03   8081.04   8083.93   8083.94   8085.47
             8085.49   8089.46   8089.47   8094.14   8094.14   8106.42   8106.42   8111.72
             8111.72   8114.97   8114.97   8115.29   8115.29   8121.34   8121.34   8127.20
             8127.20   8136.09   8136.09   8136.61   8136.61   8144.28   8144.28   8145.71
             8145.71   8160.68   8160.68   8163.21   8163.21   8165.32   8165.32   8168.13
             8168.13   8172.09   8172.09   8176.47   8176.47   8181.27   8181.27   8181.47
             8181.47   8188.04   8188.04   8195.82   8195.82   8203.46   8203.46   8212.83
             8212.83   8216.32   8216.32   8222.98   8222.98   8230.01   8230.01   8231.29
             8231.29   8237.67   8237.67   8238.51   8238.51   8239.90   8239.90   8246.45
             8246.45   8250.04   8250.04   8252.64   8252.64   8258.06   8258.06   8260.29
             8260.29   8269.69   8269.69   8274.54   8274.54   8277.81   8277.81   8289.39
             8289.39   8292.25   8292.25   8294.49   8294.49   8296.35   8296.35   8300.21
             8300.21   8304.32   8304.32   8308.34   8308.34   8314.52   8314.52   8327.10
             8327.10   8333.98   8333.98   8335.56   8335.56   8341.14   8341.14   8346.29
             8346.29   8348.13   8348.13   8356.67   8356.67   8359.98   8359.98   8363.29
             8363.29   8369.10   8369.10   8377.55   8377.55   8387.01   8387.01   8391.92
             8391.92   8397.00   8397.00   8399.57   8399.57   8401.78   8401.78   8405.13
             8405.13   8413.79   8413.79   8421.69   8421.69   8424.26   8424.26   8424.26
             8424.26   8425.91   8425.91   8431.74   8431.74   8434.29   8434.29   8434.70
             8434.70   8440.60   8440.60   8450.37   8450.37   8455.82   8455.82   8461.98
             8461.98   8465.75   8465.75   8471.65   8471.65   8480.69   8480.70   8482.10
             8482.10   8483.26   8483.26   8485.47   8485.47   8492.01   8492.01   8494.97
             8494.97   8499.12   8499.12   8507.00   8507.00   8511.96   8511.96   8514.58
             8514.58   8514.61   8514.61   8521.28   8521.28   8526.56   8526.56   8531.02
             8531.02   8535.45   8535.45   8541.11   8541.11   8543.52   8543.52   8546.23
             8546.23   8556.42   8556.42   8568.73   8568.73   8571.41   8571.41   8572.04
             8572.04   8573.76   8573.76   8575.87   8575.87   8581.75   8581.75   8599.08
             8599.08   8599.45   8599.45   8605.93   8605.94   8606.57   8606.57   8607.06
             8607.06   8609.11   8609.11   8619.48   8619.48   8621.03   8621.03   8628.81
             8628.81   8632.99   8632.99   8633.32   8633.32   8639.88   8639.88   8646.68
             8646.68   8650.29   8650.29   8659.99   8659.99   8663.26   8663.26   8665.32
             8665.32   8668.82   8668.82   8673.32   8673.32   8674.65   8674.65   8678.03
             8678.03   8682.03   8682.03   8691.09   8691.09   8698.85   8698.85   8703.74
             8703.74   8706.57   8706.57   8710.85   8710.85   8721.77   8721.77   8724.29
             8724.29   8726.92   8726.92   8732.47   8732.47   8735.39   8735.39   8739.40
             8739.40   8740.36   8740.37   8740.79   8740.79   8744.94   8744.94   8751.06
             8751.06   8763.52   8763.52   8769.81   8769.81   8772.09   8772.09   8775.87
             8775.87   8785.41   8785.41   8789.04   8789.04   8793.03   8793.03   8796.76
             8796.76   8800.42   8800.42   8804.08   8804.08   8805.55   8805.55   8808.22
             8808.22   8813.20   8813.20   8815.57   8815.57   8821.51   8821.51   8831.49
             8831.49   8834.24   8834.24   8840.80   8840.80   8846.13   8846.13   8850.13
             8850.13   8852.50   8852.50   8855.08   8855.08   8857.95   8857.95   8864.84
             8864.84   8871.32   8871.32   8875.82   8875.82   8883.77   8883.77   8891.38
             8891.38   8894.49   8894.49   8897.05   8897.05   8897.45   8897.45   8903.09
             8903.09   8906.92   8906.92   8910.51   8910.51   8913.23   8913.24   8922.83
             8922.83   8924.28   8924.28   8933.39   8933.39   8940.80   8940.80   8947.33
             8947.33   8952.11   8952.11   8955.12   8955.12   8957.90   8957.90   8963.54
             8963.54   8964.33   8964.33   8967.75   8967.75   8969.70   8969.70   8976.56
             8976.56   8983.05   8983.05   8991.64   8991.64   9008.98   9008.98   9017.66
             9017.66   9018.62   9018.62   9018.85   9018.85   9025.36   9025.36   9033.00
             9033.00   9038.38   9038.38   9041.47   9041.47   9045.40   9045.40   9047.83
             9047.83   9048.83   9048.83   9051.64   9051.64   9052.26   9052.26   9055.88
             9055.88   9058.48   9058.48   9067.93   9067.93   9085.96   9085.96   9088.87
             9088.87   9092.47   9092.47   9099.34   9099.34   9099.86   9099.86   9106.44
             9106.44   9111.03   9111.03   9112.97   9112.97   9128.92   9128.92   9131.69
             9131.69   9134.09   9134.09   9138.13   9138.13   9141.64   9141.64   9142.85
             9142.85   9144.52   9144.52   9163.43   9163.43   9168.46   9168.46   9169.05
             9169.05   9173.87   9173.87   9173.87   9173.87   9176.45   9176.45   9177.65
             9177.65   9179.84   9179.84   9182.55   9182.55   9185.44   9185.44   9187.99
             9187.99   9195.48   9195.48   9196.48   9196.48   9199.04   9199.04   9219.29
             9219.29   9226.70   9226.70   9234.23   9234.23   9236.88   9236.88   9245.25
             9245.25   9251.92   9251.92   9255.43   9255.43   9259.19   9259.19   9262.41
             9262.41   9264.26   9264.26   9264.28   9264.28   9265.60   9265.60   9267.04
             9267.04   9268.51   9268.51   9277.17   9277.17   9285.71   9285.71   9289.03
             9289.03   9295.54   9295.54   9302.24   9302.24   9305.09   9305.09   9309.85
             9309.85   9316.18   9316.18   9321.51   9321.51   9327.08   9327.08   9332.65
             9332.65   9337.92   9337.92   9344.20   9344.20   9349.00   9349.00   9349.25
             9349.25   9349.91   9349.91   9353.09   9353.09   9356.09   9356.09   9360.12
             9360.12   9374.93   9374.93   9376.99   9376.99   9382.96   9382.96   9386.89
             9386.89   9393.22   9393.22   9399.81   9399.81   9402.11   9402.11   9414.70
             9414.70   9417.25   9417.25   9419.99   9419.99   9424.57   9424.57   9425.49
             9425.49   9426.69   9426.69   9427.91   9427.91   9432.41   9432.41   9439.60
             9439.60   9440.05   9440.05   9444.97   9444.97   9458.73   9458.73   9460.14
             9460.14   9462.16   9462.16   9470.37   9470.37   9474.24   9474.24   9476.00
             9476.00   9482.93   9482.93   9487.67   9487.67   9488.36   9488.36   9499.26
             9499.27   9500.22   9500.22   9504.25   9504.25   9506.81   9506.81   9511.10
             9511.10   9513.73   9513.73   9518.18   9518.18   9521.48   9521.48   9529.37
             9529.37   9532.32   9532.32   9534.84   9534.84   9541.74   9541.74   9543.40
             9543.40   9557.01   9557.01   9559.64   9559.64   9561.17   9561.17   9566.10
             9566.10   9569.09   9569.09   9573.43   9573.43   9580.30   9580.30   9587.09
             9587.09   9593.12   9593.12   9602.22   9602.22   9602.98   9602.98   9605.36
             9605.36   9616.29   9616.29   9619.71   9619.71   9622.48   9622.48   9626.95
             9626.95   9632.61   9632.61   9635.97   9635.97   9641.09   9641.09   9651.60
             9651.60   9656.45   9656.45   9656.85   9656.85   9663.98   9663.98   9668.02
             9668.02   9672.87   9672.87   9673.40   9673.40   9675.28   9675.28   9678.00
             9678.00   9686.79   9686.79   9689.79   9689.79   9694.90   9694.90   9702.38
             9702.38   9702.81   9702.82   9708.17   9708.17   9712.26   9712.26   9715.72
             9715.72   9716.61   9716.61   9719.33   9719.33   9719.43   9719.43   9721.92
             9721.92   9725.79   9725.79   9738.55   9738.55   9762.23   9762.23   9764.34
             9764.34   9766.70   9766.70   9778.56   9778.56   9787.82   9787.82   9790.09
             9790.09   9793.95   9793.95   9795.51   9795.51   9796.46   9796.46   9800.88
             9800.88   9805.51   9805.51   9815.15   9815.15   9820.68   9820.68   9822.31
             9822.31   9823.35   9823.35   9826.96   9826.96   9834.62   9834.62   9837.47
             9837.47   9849.68   9849.68   9856.89   9856.89   9860.98   9860.98   9863.12
             9863.12   9864.91   9864.91   9865.63   9865.63   9880.71   9880.71   9882.22
             9882.22   9886.78   9886.78   9895.67   9895.67   9900.77   9900.77   9910.94
             9910.94   9911.99   9911.99   9913.90   9913.90   9916.52   9916.52   9918.64
             9918.64   9925.49   9925.49   9930.87   9930.87   9944.30   9944.30   9947.24
             9947.24   9951.21   9951.21   9952.01   9952.01   9964.97   9964.97   9964.97
             9964.97   9965.38   9965.38   9967.57   9967.57   9970.70   9970.70   9971.21
             9971.21   9976.12   9976.12   9978.24   9978.24   9988.90   9988.90   9993.23
             9993.23   9996.11   9996.11  10002.15  10002.15  10008.66  10008.66  10012.10
            10012.10  10019.40  10019.40  10027.17  10027.17  10034.36  10034.36  10038.24
            10038.24  10040.54  10040.54  10043.13  10043.13  10046.86  10046.86  10050.87
            10050.87  10055.42  10055.42  10055.43  10055.43  10059.06  10059.06  10063.64
            10063.64  10075.95  10075.95  10075.99  10075.99  10093.09  10093.09  10095.96
            10095.96  10097.40  10097.40  10104.38  10104.38  10116.31  10116.31  10119.09
            10119.09  10122.81  10122.81  10123.42  10123.42  10127.32  10127.32  10129.84
            10129.84  10137.69  10137.69  10140.33  10140.33  10140.49  10140.49  10144.90
            10144.90  10147.95  10147.95  10153.15  10153.15  10154.41  10154.41  10159.01
            10159.01

     2DNS partition function:
       ---------------------
         T (K)  | 2D-NS pfn 
       ---------------------
         100.00 | 2.789E-01 
         150.00 | 6.939E-01 
         200.00 | 1.300E+00 
         250.00 | 2.153E+00 
         300.00 | 3.298E+00 
         400.00 | 6.566E+00 
         500.00 | 1.121E+01 
         700.00 | 2.454E+01 
        1000.00 | 5.371E+01 
        1500.00 | 1.220E+02 
        2000.00 | 2.084E+02 
        2500.00 | 3.065E+02 
       ---------------------


                                          | Elapsed time 8.4 hours |

   \\\\\\\\\\\\\\\\\\\\\\\ ///////////////////////
       End of execution of Q2DTor with --tor2dns  
   \\\\\\\\\\\\\\\\\\\\\\\ ///////////////////////



