Arkane execution initiated at Mon Jul 24 12:29:57 2023

################################################################
#                                                              #
# Automated Reaction Kinetics and Network Exploration (Arkane) #
#                                                              #
#   Version: 3.1.0                                             #
#   Authors: RMG Developers (rmg_dev@mit.edu)                  #
#   P.I.s:   William H. Green (whgreen@mit.edu)                #
#            Richard H. West (r.west@neu.edu)                  #
#   Website: http://reactionmechanismgenerator.github.io/      #
#                                                              #
################################################################

The current git HEAD for RMG-Py is:
	e181335685f2182ecba117e1141835623f023633
	Mon Jul 24 11:52:36 2023 -0400

The current git HEAD for RMG-database is:
	113cb53eadea0c17ed6f76eaee3ad952774b8728
	Tue Jun 27 09:11:34 2023 -0400

Loading species H...
Loading species C2H4...
Loading species C2H5...
Loading transition state TS...
Loading reaction H + C2H4 <=> C2H5...
Assigned a frequency scale factor of 1.00386 for LevelOfTheory(method='cbsqb3')


Loading statistical mechanics parameters for H...
Symmetry input file written to /home/jackson/rmg/RMG-Py/scratch/0.symm
Point group: Kh
Saving statistical mechanics parameters for H...
Loading statistical mechanics parameters for C2H4...
Symmetry input file written to /home/jackson/rmg/RMG-Py/scratch/0.symm
Point group: D2h
Saving statistical mechanics parameters for C2H4...
Loading statistical mechanics parameters for C2H5...
Symmetry input file written to /home/jackson/rmg/RMG-Py/scratch/0.symm
Point group: Cs
Saving statistical mechanics parameters for C2H5...
Loading statistical mechanics parameters for TS...
More than one imaginary frequency in Gaussian output file /home/jackson/rmg/RMG-Py/examples/arkane/reactions/H+C2H4=C2H5/TS_freq.log.
Symmetry input file written to /home/jackson/rmg/RMG-Py/scratch/0.symm
Point group: Cs
Saving statistical mechanics parameters for TS...
Saving thermo for H...
Saving thermo for C2H4...
Saving thermo for C2H5...
Saving kinetics for H + C2H4 <=> C2H5...

Arkane execution terminated at Mon Jul 24 12:29:59 2023
executed /home/jackson/rmg/RMG-Py/test/../examples/arkane/reactions/H+C2H4=C2H5
running /home/jackson/rmg/RMG-Py/test/../examples/arkane/reactions/NH2+N2H3=NH+N2H4
Arkane execution initiated at Mon Jul 24 16:22:51 2023

################################################################
#                                                              #
# Automated Reaction Kinetics and Network Exploration (Arkane) #
#                                                              #
#   Version: 3.1.0                                             #
#   Authors: RMG Developers (rmg_dev@mit.edu)                  #
#   P.I.s:   William H. Green (whgreen@mit.edu)                #
#            Richard H. West (r.west@neu.edu)                  #
#   Website: http://reactionmechanismgenerator.github.io/      #
#                                                              #
################################################################

The current git HEAD for RMG-Py is:
	282a6ec04c54c4d861b780eae6708821d04389e5
	Mon Jul 24 14:14:18 2023 -0400

The current git HEAD for RMG-database is:
	113cb53eadea0c17ed6f76eaee3ad952774b8728
	Tue Jun 27 09:11:34 2023 -0400

Loading species H...
Loading species C2H4...
Loading species C2H5...
Loading transition state TS...
Loading reaction H + C2H4 <=> C2H5...
Assigned a frequency scale factor of 1.00386 for LevelOfTheory(method='cbsqb3')


Loading statistical mechanics parameters for H...
Symmetry input file written to /home/jackson/rmg/RMG-Py/scratch/0.symm
Point group: Kh
Saving statistical mechanics parameters for H...
Loading statistical mechanics parameters for C2H4...
Symmetry input file written to /home/jackson/rmg/RMG-Py/scratch/0.symm
Point group: D2h
Saving statistical mechanics parameters for C2H4...
Loading statistical mechanics parameters for C2H5...
Symmetry input file written to /home/jackson/rmg/RMG-Py/scratch/0.symm
Point group: Cs
Saving statistical mechanics parameters for C2H5...
Loading statistical mechanics parameters for TS...
More than one imaginary frequency in Gaussian output file /home/jackson/rmg/RMG-Py/examples/arkane/reactions/H+C2H4=C2H5/TS_freq.log.
Symmetry input file written to /home/jackson/rmg/RMG-Py/scratch/0.symm
Point group: Cs
Saving statistical mechanics parameters for TS...
Saving thermo for H...
Saving thermo for C2H4...
Saving thermo for C2H5...
Saving kinetics for H + C2H4 <=> C2H5...

Arkane execution terminated at Mon Jul 24 16:22:52 2023
executed /home/jackson/rmg/RMG-Py/test/../examples/arkane/reactions/H+C2H4=C2H5
running /home/jackson/rmg/RMG-Py/test/../examples/arkane/reactions/NH2+N2H3=NH+N2H4
Arkane execution initiated at Mon Jul 24 16:53:51 2023

################################################################
#                                                              #
# Automated Reaction Kinetics and Network Exploration (Arkane) #
#                                                              #
#   Version: 3.1.0                                             #
#   Authors: RMG Developers (rmg_dev@mit.edu)                  #
#   P.I.s:   William H. Green (whgreen@mit.edu)                #
#            Richard H. West (r.west@neu.edu)                  #
#   Website: http://reactionmechanismgenerator.github.io/      #
#                                                              #
################################################################

The current git HEAD for RMG-Py is:
	61d96be0e5320b2a2ef2116e51c893841ead250e
	Mon Jul 24 16:48:54 2023 -0400

The current git HEAD for RMG-database is:
	113cb53eadea0c17ed6f76eaee3ad952774b8728
	Tue Jun 27 09:11:34 2023 -0400

Loading species H...
Loading species C2H4...
Loading species C2H5...
Loading transition state TS...
Loading reaction H + C2H4 <=> C2H5...
Assigned a frequency scale factor of 1.00386 for LevelOfTheory(method='cbsqb3')


Loading statistical mechanics parameters for H...
Symmetry input file written to /home/jackson/rmg/RMG-Py/scratch/0.symm
Point group: Kh
Saving statistical mechanics parameters for H...
Loading statistical mechanics parameters for C2H4...
Symmetry input file written to /home/jackson/rmg/RMG-Py/scratch/0.symm
Point group: D2h
Saving statistical mechanics parameters for C2H4...
Loading statistical mechanics parameters for C2H5...
Symmetry input file written to /home/jackson/rmg/RMG-Py/scratch/0.symm
Point group: Cs
Saving statistical mechanics parameters for C2H5...
Loading statistical mechanics parameters for TS...
More than one imaginary frequency in Gaussian output file /home/jackson/rmg/RMG-Py/examples/arkane/reactions/H+C2H4=C2H5/TS_freq.log.
Symmetry input file written to /home/jackson/rmg/RMG-Py/scratch/0.symm
Point group: Cs
Saving statistical mechanics parameters for TS...
Saving thermo for H...
Saving thermo for C2H4...
Saving thermo for C2H5...
Saving kinetics for H + C2H4 <=> C2H5...

Arkane execution terminated at Mon Jul 24 16:53:53 2023
executed /home/jackson/rmg/RMG-Py/test/../examples/arkane/reactions/H+C2H4=C2H5
running /home/jackson/rmg/RMG-Py/test/../examples/arkane/reactions/NH2+N2H3=NH+N2H4
