Molecule 1:
-----------

Geometry:
 Mass(amu)    X(ang)    Y(ang)    Z(ang)
    12.000    0.5359    0.0000    0.2998
     1.008    0.5382    0.0000    1.3910
     1.008    1.5119    0.0000   -0.1755
    12.000   -0.5708    0.0000   -0.3845
     1.008   -1.6338    0.0000   -0.2071

Frequencies (cm-1):
   707.214   818.070   926.262
  1043.496  1390.454  1642.874
  3032.511  3126.916  3228.780


External Symmetry = 1
Principal Moments of Inertia = 2.11690280387  15.4024434859  17.5193462898
Electronic Degeneracy = 2

Thermodynamic Data
Translational Contributions
 Temperature      298.00      300.00      350.00      400.00      450.00      500.00      550.00      600.00      650.00      700.00      750.00      800.00      850.00      900.00      950.00     1000.00     1050.00     1100.00     1150.00     1200.00     1250.00     1300.00     1350.00     1400.00     1450.00     1500.00     1550.00     1600.00     1650.00     1700.00     1750.00     1800.00     1850.00     1900.00     1950.00     2000.00     2250.00     2500.00     2750.00     3000.00     3250.00     3500.00     3750.00     4000.00     4250.00     4500.00     4750.00     5000.00     5250.00     5500.00     5750.00     6000.00
     Entropy       35.78       35.81       36.57       37.24       37.82       38.34       38.82       39.25       39.65       40.01       40.36       40.68       40.98       41.26       41.53       41.78       42.03       42.26       42.48       42.69       42.89       43.09       43.27       43.45       43.63       43.80       43.96       44.12       44.27       44.42       44.56       44.70       44.84       44.97       45.10       45.22       45.81       46.33       46.80       47.24       47.63       48.00       48.34       48.66       48.96       49.25       49.52       49.77       50.01       50.24       50.46       50.68
          Cp        4.96        4.96        4.96        4.96        4.96        4.96        4.96        4.96        4.96        4.96        4.96        4.96        4.96        4.96        4.96        4.96        4.96        4.96        4.96        4.96        4.96        4.96        4.96        4.96        4.96        4.96        4.96        4.96        4.96        4.96        4.96        4.96        4.96        4.96        4.96        4.96        4.96        4.96        4.96        4.96        4.96        4.96        4.96        4.96        4.96        4.96        4.96        4.96        4.96        4.96        4.96        4.96
          dH        1.48        1.49        1.74        1.99        2.23        2.48        2.73        2.98        3.23        3.47        3.72        3.97        4.22        4.47        4.71        4.96        5.21        5.46        5.71        5.96        6.20        6.45        6.70        6.95        7.20        7.44        7.69        7.94        8.19        8.44        8.68        8.93        9.18        9.43        9.68        9.93       11.17       12.41       13.65       14.89       16.13       17.37       18.61       19.85       21.09       22.33       23.57       24.81       26.05       27.29       28.53       29.78
      qtrans    5.52e+06    5.61e+06    8.25e+06    1.15e+07    1.55e+07    2.01e+07    2.55e+07    3.17e+07    3.88e+07    4.66e+07    5.54e+07    6.51e+07    7.58e+07    8.74e+07    1.00e+08    1.14e+08    1.29e+08    1.44e+08    1.61e+08    1.79e+08    1.99e+08    2.19e+08    2.41e+08    2.64e+08    2.88e+08    3.14e+08    3.40e+08    3.68e+08    3.98e+08    4.29e+08    4.61e+08    4.95e+08    5.30e+08    5.66e+08    6.04e+08    6.44e+08    8.64e+08    1.12e+09    1.43e+09    1.77e+09    2.17e+09    2.61e+09    3.10e+09    3.64e+09    4.24e+09    4.89e+09    5.60e+09    6.36e+09    7.19e+09    8.07e+09    9.02e+09    1.00e+10

Vibrational Contributions
Entropy:
 Temperature      298.00      300.00      350.00      400.00      450.00      500.00      550.00      600.00      650.00      700.00      750.00      800.00      850.00      900.00      950.00     1000.00     1050.00     1100.00     1150.00     1200.00     1250.00     1300.00     1350.00     1400.00     1450.00     1500.00     1550.00     1600.00     1650.00     1700.00     1750.00     1800.00     1850.00     1900.00     1950.00     2000.00     2250.00     2500.00     2750.00     3000.00     3250.00     3500.00     3750.00     4000.00     4250.00     4500.00     4750.00     5000.00     5250.00     5500.00     5750.00     6000.00
     Entropy        0.74        0.76        1.21        1.73        2.29        2.88        3.48        4.09        4.70        5.30        5.90        6.50        7.08        7.66        8.23        8.79        9.35        9.89       10.42       10.94       11.45       11.96       12.45       12.93       13.41       13.87       14.33       14.78       15.22       15.65       16.07       16.49       16.90       17.30       17.69       18.08       19.91       21.59       23.14       24.57       25.91       27.16       28.33       29.43       30.47       31.46       32.39       33.28       34.13       34.95       35.72       36.47
          Cp        2.44        2.47        3.43        4.34        5.18        5.95        6.65        7.29        7.89        8.44        8.96        9.44        9.90       10.33       10.73       11.11       11.46       11.80       12.11       12.40       12.68       12.94       13.18       13.41       13.63       13.83       14.02       14.19       14.36       14.52       14.67       14.80       14.94       15.06       15.17       15.28       15.75       16.10       16.38       16.60       16.77       16.91       17.03       17.12       17.20       17.27       17.33       17.38       17.43       17.46       17.50       17.53
          dH        0.18        0.18        0.33        0.52        0.76        1.04        1.36        1.71        2.09        2.50        2.93        3.39        3.88        4.39        4.91        5.46        6.03        6.61        7.21        7.82        8.45        9.09        9.75       10.41       11.09       11.78       12.48       13.18       13.90       14.62       15.36       16.09       16.84       17.59       18.35       19.11       23.00       26.99       31.06       35.20       39.38       43.60       47.85       52.13       56.43       60.75       65.08       69.43       73.79       78.16       82.54       86.93
       q_vib    1.08e+00    1.08e+00    1.15e+00    1.24e+00    1.35e+00    1.49e+00    1.66e+00    1.87e+00    2.11e+00    2.40e+00    2.73e+00    3.11e+00    3.56e+00    4.08e+00    4.67e+00    5.36e+00    6.15e+00    7.05e+00    8.09e+00    9.28e+00    1.06e+01    1.22e+01    1.39e+01    1.59e+01    1.82e+01    2.08e+01    2.37e+01    2.70e+01    3.07e+01    3.48e+01    3.96e+01    4.48e+01    5.08e+01    5.74e+01    6.49e+01    7.32e+01    1.31e+02    2.29e+02    3.89e+02    6.44e+02    1.04e+03    1.65e+03    2.55e+03    3.87e+03    5.78e+03    8.49e+03    1.23e+04    1.75e+04    2.47e+04    3.44e+04    4.73e+04    6.44e+04


External Rotational Contributions
 Temperature      298.00      300.00      350.00      400.00      450.00      500.00      550.00      600.00      650.00      700.00      750.00      800.00      850.00      900.00      950.00     1000.00     1050.00     1100.00     1150.00     1200.00     1250.00     1300.00     1350.00     1400.00     1450.00     1500.00     1550.00     1600.00     1650.00     1700.00     1750.00     1800.00     1850.00     1900.00     1950.00     2000.00     2250.00     2500.00     2750.00     3000.00     3250.00     3500.00     3750.00     4000.00     4250.00     4500.00     4750.00     5000.00     5250.00     5500.00     5750.00     6000.00
     Entropy       17.88       17.90       18.36       18.76       19.11       19.42       19.71       19.97       20.20       20.43       20.63       20.82       21.00       21.17       21.33       21.49       21.63       21.77       21.90       22.03       22.15       22.27       22.38       22.49       22.59       22.69       22.79       22.89       22.98       23.07       23.15       23.24       23.32       23.40       23.48       23.55       23.90       24.22       24.50       24.76       25.00       25.22       25.42       25.62       25.80       25.97       26.13       26.28       26.42       26.56       26.70       26.82
          Cp        2.98        2.98        2.98        2.98        2.98        2.98        2.98        2.98        2.98        2.98        2.98        2.98        2.98        2.98        2.98        2.98        2.98        2.98        2.98        2.98        2.98        2.98        2.98        2.98        2.98        2.98        2.98        2.98        2.98        2.98        2.98        2.98        2.98        2.98        2.98        2.98        2.98        2.98        2.98        2.98        2.98        2.98        2.98        2.98        2.98        2.98        2.98        2.98        2.98        2.98        2.98        2.98
          dH        0.89        0.89        1.04        1.19        1.34        1.49        1.64        1.79        1.94        2.08        2.23        2.38        2.53        2.68        2.83        2.98        3.13        3.28        3.42        3.57        3.72        3.87        4.02        4.17        4.32        4.47        4.62        4.76        4.91        5.06        5.21        5.36        5.51        5.66        5.81        5.96        6.70        7.44        8.19        8.93        9.68       10.42       11.17       11.91       12.65       13.40       14.14       14.89       15.63       16.38       17.12       17.86
       q_rot     1824.39     1842.79     2322.18     2837.16     3385.42     3965.05     4574.43     5212.19     5877.10     6568.11     7284.25     8024.69     8788.64     9575.40    10384.33    11214.84    12066.38    12938.45    13830.57    14742.29    15673.22    16622.95    17591.13    18577.41    19581.46    20602.98    21641.67    22697.25    23769.45    24858.02    25962.72    27083.32    28219.59    29371.33    30538.32    31720.36    37850.09    44330.56    51143.71    58274.03    65708.00    73433.67    81440.43    89718.74    98259.96   107056.23   116100.37   125385.75   134906.27   144656.25   154630.42   164823.85



Wilhoit Parameters: 
Cp_0 = 7.94
Cp_inf = 17.865
B = 1019.53939935
a= 2.31265136726
b= -52.8281619641
c= 99.271659145
d= -62.8437668174
NASA Parameters: 
Intermediate Temperature= 1331.30823038
1.27201505731
0.0167298367711
-1.33601280312e-05
6.14375037598e-09
-1.19371860688e-12
5.49740044254
0.00598635713439
-1.96777435e-06
2.95731212438e-10
-1.67015918981e-14
